2020-08-09 10:06:28,051 WARN com.zaxxer.hikari.pool.HikariPool$HouseKeeper [HikariPool-464 housekeeper] HikariPool-464 - Thread starvation or clock leap detected (housekeeper delta=12h6m12s790ms508µs200ns).
2020-08-09 10:07:49,316 INFO org.springframework.scheduling.concurrent.ExecutorConfigurationSupport [Thread-2318] Shutting down ExecutorService 'applicationTaskExecutor'
2020-08-09 10:07:49,330 INFO org.springframework.orm.jpa.AbstractEntityManagerFactoryBean [Thread-2318] Closing JPA EntityManagerFactory for persistence unit 'default'
2020-08-09 10:07:49,347 INFO com.zaxxer.hikari.HikariDataSource [Thread-2318] HikariPool-464 - Shutdown initiated...
2020-08-09 10:07:49,351 INFO com.zaxxer.hikari.HikariDataSource [Thread-2318] HikariPool-464 - Shutdown completed.
2020-08-09 10:07:51,305 INFO org.springframework.boot.StartupInfoLogger [restartedMain] Starting GameApplication on DESKTOP-7EV0PI1 with PID 1144 (C:\Users\Valentina\Documents\NetBeansProjects\InitializrSpringbootProject\target\classes started by Valentina in C:\Users\Valentina\Documents\NetBeansProjects\InitializrSpringbootProject)
2020-08-09 10:07:51,306 INFO org.springframework.boot.SpringApplication [restartedMain] The following profiles are active: dev
2020-08-09 10:07:51,616 INFO org.springframework.data.repository.config.RepositoryConfigurationDelegate [restartedMain] Bootstrapping Spring Data JPA repositories in DEFAULT mode.
2020-08-09 10:07:51,655 INFO org.springframework.data.repository.config.RepositoryConfigurationDelegate [restartedMain] Finished Spring Data repository scanning in 38ms. Found 7 JPA repository interfaces.
2020-08-09 10:07:51,814 INFO org.springframework.boot.web.embedded.tomcat.TomcatWebServer [restartedMain] Tomcat initialized with port(s): 8080 (http)
2020-08-09 10:07:51,815 INFO org.apache.juli.logging.DirectJDKLog [restartedMain] Initializing ProtocolHandler ["http-nio-8080"]
2020-08-09 10:07:51,815 INFO org.apache.juli.logging.DirectJDKLog [restartedMain] Starting service [Tomcat]
2020-08-09 10:07:51,816 INFO org.apache.juli.logging.DirectJDKLog [restartedMain] Starting Servlet engine: [Apache Tomcat/9.0.31]
2020-08-09 10:07:51,845 INFO org.apache.juli.logging.DirectJDKLog [restartedMain] Initializing Spring embedded WebApplicationContext
2020-08-09 10:07:51,845 INFO org.springframework.boot.web.servlet.context.ServletWebServerApplicationContext [restartedMain] Root WebApplicationContext: initialization completed in 523 ms
2020-08-09 10:07:51,978 INFO org.hibernate.jpa.internal.util.LogHelper [restartedMain] HHH000204: Processing PersistenceUnitInfo [name: default]
2020-08-09 10:07:51,997 INFO com.zaxxer.hikari.HikariDataSource [restartedMain] HikariPool-465 - Starting...
2020-08-09 10:07:52,002 INFO com.zaxxer.hikari.HikariDataSource [restartedMain] HikariPool-465 - Start completed.
2020-08-09 10:07:52,003 INFO org.hibernate.dialect.Dialect [restartedMain] HHH000400: Using dialect: org.hibernate.dialect.MariaDB53Dialect
2020-08-09 10:07:52,487 INFO org.hibernate.engine.transaction.jta.platform.internal.JtaPlatformInitiator [restartedMain] HHH000490: Using JtaPlatform implementation: [org.hibernate.engine.transaction.jta.platform.internal.NoJtaPlatform]
2020-08-09 10:07:52,487 INFO org.springframework.orm.jpa.AbstractEntityManagerFactoryBean [restartedMain] Initialized JPA EntityManagerFactory for persistence unit 'default'
2020-08-09 10:07:52,519 INFO org.springframework.boot.devtools.autoconfigure.OptionalLiveReloadServer [restartedMain] LiveReload server is running on port 35729
2020-08-09 10:07:53,027 INFO org.springframework.boot.StartupInfoLogger [restartedMain] Starting GameApplication on DESKTOP-7EV0PI1 with PID 21956 (C:\Users\Valentina\Documents\NetBeansProjects\InitializrSpringbootProject\target\classes started by Valentina in C:\Users\Valentina\Documents\NetBeansProjects\InitializrSpringbootProject)
2020-08-09 10:07:53,029 INFO org.springframework.boot.SpringApplication [restartedMain] The following profiles are active: dev
2020-08-09 10:07:53,288 INFO org.springframework.boot.logging.DeferredLog [restartedMain] The Class-Path manifest attribute in C:\Users\Valentina\.m2\repository\org\glassfish\jaxb\jaxb-runtime\2.3.2\jaxb-runtime-2.3.2.jar referenced one or more files that do not exist: file:/C:/Users/Valentina/.m2/repository/org/glassfish/jaxb/jaxb-runtime/2.3.2/jakarta.xml.bind-api-2.3.2.jar,file:/C:/Users/Valentina/.m2/repository/org/glassfish/jaxb/jaxb-runtime/2.3.2/txw2-2.3.2.jar,file:/C:/Users/Valentina/.m2/repository/org/glassfish/jaxb/jaxb-runtime/2.3.2/istack-commons-runtime-3.0.8.jar,file:/C:/Users/Valentina/.m2/repository/org/glassfish/jaxb/jaxb-runtime/2.3.2/stax-ex-1.8.1.jar,file:/C:/Users/Valentina/.m2/repository/org/glassfish/jaxb/jaxb-runtime/2.3.2/FastInfoset-1.2.16.jar,file:/C:/Users/Valentina/.m2/repository/org/glassfish/jaxb/jaxb-runtime/2.3.2/jakarta.activation-api-1.2.1.jar
2020-08-09 10:07:53,288 INFO org.springframework.boot.logging.DeferredLog [restartedMain] Devtools property defaults active! Set 'spring.devtools.add-properties' to 'false' to disable
2020-08-09 10:07:53,288 INFO org.springframework.boot.logging.DeferredLog [restartedMain] For additional web related logging consider setting the 'logging.level.web' property to 'DEBUG'
2020-08-09 10:07:53,357 WARN org.springframework.boot.autoconfigure.orm.jpa.JpaBaseConfiguration$JpaWebConfiguration [restartedMain] spring.jpa.open-in-view is enabled by default. Therefore, database queries may be performed during view rendering. Explicitly configure spring.jpa.open-in-view to disable this warning
2020-08-09 10:07:53,439 INFO org.springframework.security.web.DefaultSecurityFilterChain [restartedMain] Creating filter chain: any request, [org.springframework.security.web.context.request.async.WebAsyncManagerIntegrationFilter@35e1eb1f, org.springframework.security.web.context.SecurityContextPersistenceFilter@7163c7ff, org.springframework.security.web.authentication.logout.LogoutFilter@41d1743c, org.springframework.security.web.authentication.UsernamePasswordAuthenticationFilter@40620323, org.springframework.security.web.savedrequest.RequestCacheAwareFilter@799cf0de, org.springframework.security.web.servletapi.SecurityContextHolderAwareRequestFilter@49590d68, org.springframework.security.web.authentication.AnonymousAuthenticationFilter@17fe4e8a, org.springframework.security.web.session.SessionManagementFilter@5e94ea45, org.springframework.security.web.access.ExceptionTranslationFilter@584d0712, org.springframework.security.web.access.intercept.FilterSecurityInterceptor@650e3176]
2020-08-09 10:07:53,530 INFO org.springframework.scheduling.concurrent.ExecutorConfigurationSupport [restartedMain] Initializing ExecutorService 'applicationTaskExecutor'
2020-08-09 10:07:54,022 INFO org.springframework.boot.actuate.endpoint.web.EndpointLinksResolver [restartedMain] Exposing 2 endpoint(s) beneath base path '/actuator'
2020-08-09 10:07:54,037 INFO org.apache.juli.logging.DirectJDKLog [restartedMain] Starting ProtocolHandler ["http-nio-8080"]
2020-08-09 10:07:54,041 INFO org.springframework.boot.web.embedded.tomcat.TomcatWebServer [restartedMain] Tomcat started on port(s): 8080 (http) with context path ''
2020-08-09 10:07:54,042 INFO org.springframework.boot.StartupInfoLogger [restartedMain] Started GameApplication in 2.814 seconds (JVM running for 394479.741)
2020-08-09 10:07:54,044 INFO org.springframework.boot.devtools.autoconfigure.ConditionEvaluationDeltaLoggingListener [restartedMain] Condition evaluation unchanged
2020-08-09 10:07:54,161 INFO org.springframework.data.repository.config.RepositoryConfigurationDelegate [restartedMain] Bootstrapping Spring Data JPA repositories in DEFAULT mode.
2020-08-09 10:07:54,256 INFO org.springframework.data.repository.config.RepositoryConfigurationDelegate [restartedMain] Finished Spring Data repository scanning in 88ms. Found 7 JPA repository interfaces.
2020-08-09 10:07:55,239 INFO org.springframework.boot.web.embedded.tomcat.TomcatWebServer [restartedMain] Tomcat initialized with port(s): 8080 (http)
2020-08-09 10:07:55,250 INFO org.apache.juli.logging.DirectJDKLog [restartedMain] Initializing ProtocolHandler ["http-nio-8080"]
2020-08-09 10:07:55,250 INFO org.apache.juli.logging.DirectJDKLog [restartedMain] Starting service [Tomcat]
2020-08-09 10:07:55,251 INFO org.apache.juli.logging.DirectJDKLog [restartedMain] Starting Servlet engine: [Apache Tomcat/9.0.31]
2020-08-09 10:07:55,355 INFO org.apache.juli.logging.DirectJDKLog [restartedMain] Initializing Spring embedded WebApplicationContext
2020-08-09 10:07:55,355 INFO org.springframework.boot.web.servlet.context.ServletWebServerApplicationContext [restartedMain] Root WebApplicationContext: initialization completed in 2067 ms
2020-08-09 10:07:55,663 INFO org.hibernate.jpa.internal.util.LogHelper [restartedMain] HHH000204: Processing PersistenceUnitInfo [name: default]
2020-08-09 10:07:55,743 INFO org.hibernate.Version [restartedMain] HHH000412: Hibernate ORM core version 5.4.12.Final
2020-08-09 10:07:55,877 INFO org.hibernate.annotations.common.reflection.java.JavaReflectionManager [restartedMain] HCANN000001: Hibernate Commons Annotations {5.1.0.Final}
2020-08-09 10:07:55,991 INFO com.zaxxer.hikari.HikariDataSource [restartedMain] HikariPool-1 - Starting...
2020-08-09 10:07:56,133 INFO com.zaxxer.hikari.HikariDataSource [restartedMain] HikariPool-1 - Start completed.
2020-08-09 10:07:56,150 INFO org.hibernate.dialect.Dialect [restartedMain] HHH000400: Using dialect: org.hibernate.dialect.MariaDB53Dialect
2020-08-09 10:07:57,179 INFO org.hibernate.engine.transaction.jta.platform.internal.JtaPlatformInitiator [restartedMain] HHH000490: Using JtaPlatform implementation: [org.hibernate.engine.transaction.jta.platform.internal.NoJtaPlatform]
2020-08-09 10:07:57,186 INFO org.springframework.orm.jpa.AbstractEntityManagerFactoryBean [restartedMain] Initialized JPA EntityManagerFactory for persistence unit 'default'
2020-08-09 10:07:57,198 WARN org.springframework.boot.devtools.autoconfigure.OptionalLiveReloadServer [restartedMain] Unable to start LiveReload server
2020-08-09 10:07:57,803 WARN org.springframework.boot.autoconfigure.orm.jpa.JpaBaseConfiguration$JpaWebConfiguration [restartedMain] spring.jpa.open-in-view is enabled by default. Therefore, database queries may be performed during view rendering. Explicitly configure spring.jpa.open-in-view to disable this warning
2020-08-09 10:07:57,974 INFO org.springframework.security.web.DefaultSecurityFilterChain [restartedMain] Creating filter chain: any request, [org.springframework.security.web.context.request.async.WebAsyncManagerIntegrationFilter@1a47d6d6, org.springframework.security.web.context.SecurityContextPersistenceFilter@610af111, org.springframework.security.web.authentication.logout.LogoutFilter@2bf0861d, org.springframework.security.web.authentication.UsernamePasswordAuthenticationFilter@2d8e7c5c, org.springframework.security.web.savedrequest.RequestCacheAwareFilter@356a2ea0, org.springframework.security.web.servletapi.SecurityContextHolderAwareRequestFilter@398aa008, org.springframework.security.web.authentication.AnonymousAuthenticationFilter@1ee88d41, org.springframework.security.web.session.SessionManagementFilter@43b7611a, org.springframework.security.web.access.ExceptionTranslationFilter@1e0f073d, org.springframework.security.web.access.intercept.FilterSecurityInterceptor@65bbd2f2]
2020-08-09 10:07:58,092 INFO org.springframework.scheduling.concurrent.ExecutorConfigurationSupport [restartedMain] Initializing ExecutorService 'applicationTaskExecutor'
2020-08-09 10:07:58,892 INFO org.springframework.boot.actuate.endpoint.web.EndpointLinksResolver [restartedMain] Exposing 2 endpoint(s) beneath base path '/actuator'
2020-08-09 10:07:58,918 INFO org.apache.juli.logging.DirectJDKLog [restartedMain] Starting ProtocolHandler ["http-nio-8080"]
2020-08-09 10:07:58,934 INFO org.apache.juli.logging.DirectJDKLog [restartedMain] Pausing ProtocolHandler ["http-nio-8080"]
2020-08-09 10:07:58,935 INFO org.apache.juli.logging.DirectJDKLog [restartedMain] Stopping service [Tomcat]
2020-08-09 10:07:58,938 INFO org.apache.juli.logging.DirectJDKLog [restartedMain] Stopping ProtocolHandler ["http-nio-8080"]
2020-08-09 10:07:58,938 INFO org.apache.juli.logging.DirectJDKLog [restartedMain] Destroying ProtocolHandler ["http-nio-8080"]
2020-08-09 10:07:58,941 INFO org.springframework.boot.autoconfigure.logging.ConditionEvaluationReportLoggingListener [restartedMain] 

Error starting ApplicationContext. To display the conditions report re-run your application with 'debug' enabled.
2020-08-09 10:07:58,943 ERROR org.springframework.boot.diagnostics.LoggingFailureAnalysisReporter [restartedMain] 

***************************
APPLICATION FAILED TO START
***************************

Description:

Web server failed to start. Port 8080 was already in use.

Action:

Identify and stop the process that's listening on port 8080 or configure this application to listen on another port.

2020-08-09 10:07:58,946 WARN org.springframework.beans.factory.support.DisposableBeanAdapter [restartedMain] Invocation of destroy method failed on bean with name 'tomcatMetricsBinder': java.lang.NullPointerException
2020-08-09 10:07:58,946 INFO org.springframework.scheduling.concurrent.ExecutorConfigurationSupport [restartedMain] Shutting down ExecutorService 'applicationTaskExecutor'
2020-08-09 10:07:58,948 INFO org.springframework.orm.jpa.AbstractEntityManagerFactoryBean [restartedMain] Closing JPA EntityManagerFactory for persistence unit 'default'
2020-08-09 10:07:58,950 INFO com.zaxxer.hikari.HikariDataSource [restartedMain] HikariPool-1 - Shutdown initiated...
2020-08-09 10:07:58,968 INFO com.zaxxer.hikari.HikariDataSource [restartedMain] HikariPool-1 - Shutdown completed.
2020-08-09 10:08:01,843 INFO org.springframework.scheduling.concurrent.ExecutorConfigurationSupport [Thread-2323] Shutting down ExecutorService 'applicationTaskExecutor'
2020-08-09 10:08:01,847 INFO org.springframework.orm.jpa.AbstractEntityManagerFactoryBean [Thread-2323] Closing JPA EntityManagerFactory for persistence unit 'default'
2020-08-09 10:08:01,850 INFO com.zaxxer.hikari.HikariDataSource [Thread-2323] HikariPool-465 - Shutdown initiated...
2020-08-09 10:08:01,852 INFO com.zaxxer.hikari.HikariDataSource [Thread-2323] HikariPool-465 - Shutdown completed.
2020-08-09 10:08:02,606 INFO org.springframework.boot.StartupInfoLogger [restartedMain] Starting GameApplication on DESKTOP-7EV0PI1 with PID 1144 (C:\Users\Valentina\Documents\NetBeansProjects\InitializrSpringbootProject\target\classes started by Valentina in C:\Users\Valentina\Documents\NetBeansProjects\InitializrSpringbootProject)
2020-08-09 10:08:02,606 INFO org.springframework.boot.SpringApplication [restartedMain] The following profiles are active: dev
2020-08-09 10:08:02,824 INFO org.springframework.data.repository.config.RepositoryConfigurationDelegate [restartedMain] Bootstrapping Spring Data JPA repositories in DEFAULT mode.
2020-08-09 10:08:02,852 INFO org.springframework.data.repository.config.RepositoryConfigurationDelegate [restartedMain] Finished Spring Data repository scanning in 27ms. Found 7 JPA repository interfaces.
2020-08-09 10:08:02,913 INFO org.springframework.boot.web.embedded.tomcat.TomcatWebServer [restartedMain] Tomcat initialized with port(s): 8080 (http)
2020-08-09 10:08:02,913 INFO org.apache.juli.logging.DirectJDKLog [restartedMain] Initializing ProtocolHandler ["http-nio-8080"]
2020-08-09 10:08:02,913 INFO org.apache.juli.logging.DirectJDKLog [restartedMain] Starting service [Tomcat]
2020-08-09 10:08:02,913 INFO org.apache.juli.logging.DirectJDKLog [restartedMain] Starting Servlet engine: [Apache Tomcat/9.0.31]
2020-08-09 10:08:02,928 INFO org.apache.juli.logging.DirectJDKLog [restartedMain] Initializing Spring embedded WebApplicationContext
2020-08-09 10:08:02,928 INFO org.springframework.boot.web.servlet.context.ServletWebServerApplicationContext [restartedMain] Root WebApplicationContext: initialization completed in 322 ms
2020-08-09 10:08:02,973 INFO org.hibernate.jpa.internal.util.LogHelper [restartedMain] HHH000204: Processing PersistenceUnitInfo [name: default]
2020-08-09 10:08:02,977 INFO com.zaxxer.hikari.HikariDataSource [restartedMain] HikariPool-466 - Starting...
2020-08-09 10:08:02,983 INFO com.zaxxer.hikari.HikariDataSource [restartedMain] HikariPool-466 - Start completed.
2020-08-09 10:08:02,983 INFO org.hibernate.dialect.Dialect [restartedMain] HHH000400: Using dialect: org.hibernate.dialect.MariaDB53Dialect
2020-08-09 10:08:03,245 INFO org.hibernate.engine.transaction.jta.platform.internal.JtaPlatformInitiator [restartedMain] HHH000490: Using JtaPlatform implementation: [org.hibernate.engine.transaction.jta.platform.internal.NoJtaPlatform]
2020-08-09 10:08:03,245 INFO org.springframework.orm.jpa.AbstractEntityManagerFactoryBean [restartedMain] Initialized JPA EntityManagerFactory for persistence unit 'default'
2020-08-09 10:08:03,249 INFO org.springframework.boot.devtools.autoconfigure.OptionalLiveReloadServer [restartedMain] LiveReload server is running on port 35729
2020-08-09 10:08:03,330 WARN org.springframework.boot.autoconfigure.orm.jpa.JpaBaseConfiguration$JpaWebConfiguration [restartedMain] spring.jpa.open-in-view is enabled by default. Therefore, database queries may be performed during view rendering. Explicitly configure spring.jpa.open-in-view to disable this warning
2020-08-09 10:08:03,344 INFO org.springframework.security.web.DefaultSecurityFilterChain [restartedMain] Creating filter chain: any request, [org.springframework.security.web.context.request.async.WebAsyncManagerIntegrationFilter@780aa815, org.springframework.security.web.context.SecurityContextPersistenceFilter@6b3c8eff, org.springframework.security.web.authentication.logout.LogoutFilter@458e3729, org.springframework.security.web.authentication.UsernamePasswordAuthenticationFilter@5439b602, org.springframework.security.web.savedrequest.RequestCacheAwareFilter@6d9f9725, org.springframework.security.web.servletapi.SecurityContextHolderAwareRequestFilter@4f6fee78, org.springframework.security.web.authentication.AnonymousAuthenticationFilter@30707c68, org.springframework.security.web.session.SessionManagementFilter@2d8514b8, org.springframework.security.web.access.ExceptionTranslationFilter@25e0e648, org.springframework.security.web.access.intercept.FilterSecurityInterceptor@68477d71]
2020-08-09 10:08:03,359 INFO org.springframework.scheduling.concurrent.ExecutorConfigurationSupport [restartedMain] Initializing ExecutorService 'applicationTaskExecutor'
2020-08-09 10:08:03,735 INFO org.springframework.boot.actuate.endpoint.web.EndpointLinksResolver [restartedMain] Exposing 2 endpoint(s) beneath base path '/actuator'
2020-08-09 10:08:03,741 INFO org.apache.juli.logging.DirectJDKLog [restartedMain] Starting ProtocolHandler ["http-nio-8080"]
2020-08-09 10:08:03,744 INFO org.springframework.boot.web.embedded.tomcat.TomcatWebServer [restartedMain] Tomcat started on port(s): 8080 (http) with context path ''
2020-08-09 10:08:03,745 INFO org.springframework.boot.StartupInfoLogger [restartedMain] Started GameApplication in 1.155 seconds (JVM running for 394489.443)
2020-08-09 10:08:03,746 INFO org.springframework.boot.devtools.autoconfigure.ConditionEvaluationDeltaLoggingListener [restartedMain] Condition evaluation unchanged
2020-08-09 10:08:04,000 INFO org.apache.juli.logging.DirectJDKLog [http-nio-8080-exec-1] Initializing Spring DispatcherServlet 'dispatcherServlet'
2020-08-09 10:08:04,001 INFO org.springframework.web.servlet.FrameworkServlet [http-nio-8080-exec-1] Initializing Servlet 'dispatcherServlet'
2020-08-09 10:08:04,002 INFO org.springframework.web.servlet.FrameworkServlet [http-nio-8080-exec-1] Completed initialization in 1 ms
