2020-08-19 19:21:01,070 INFO org.springframework.boot.StartupInfoLogger [restartedMain] Starting GameApplication on DESKTOP-7EV0PI1 with PID 14440 (C:\Users\Valentina\Documents\NetBeansProjects\InitializrSpringbootProject\target\classes started by Valentina in C:\Users\Valentina\Documents\NetBeansProjects\InitializrSpringbootProject)
2020-08-19 19:21:01,074 INFO org.springframework.boot.SpringApplication [restartedMain] The following profiles are active: dev
2020-08-19 19:21:01,324 INFO org.springframework.boot.logging.DeferredLog [restartedMain] The Class-Path manifest attribute in C:\Users\Valentina\.m2\repository\org\glassfish\jaxb\jaxb-runtime\2.3.2\jaxb-runtime-2.3.2.jar referenced one or more files that do not exist: file:/C:/Users/Valentina/.m2/repository/org/glassfish/jaxb/jaxb-runtime/2.3.2/jakarta.xml.bind-api-2.3.2.jar,file:/C:/Users/Valentina/.m2/repository/org/glassfish/jaxb/jaxb-runtime/2.3.2/txw2-2.3.2.jar,file:/C:/Users/Valentina/.m2/repository/org/glassfish/jaxb/jaxb-runtime/2.3.2/istack-commons-runtime-3.0.8.jar,file:/C:/Users/Valentina/.m2/repository/org/glassfish/jaxb/jaxb-runtime/2.3.2/stax-ex-1.8.1.jar,file:/C:/Users/Valentina/.m2/repository/org/glassfish/jaxb/jaxb-runtime/2.3.2/FastInfoset-1.2.16.jar,file:/C:/Users/Valentina/.m2/repository/org/glassfish/jaxb/jaxb-runtime/2.3.2/jakarta.activation-api-1.2.1.jar
2020-08-19 19:21:01,328 INFO org.springframework.boot.logging.DeferredLog [restartedMain] Devtools property defaults active! Set 'spring.devtools.add-properties' to 'false' to disable
2020-08-19 19:21:01,328 INFO org.springframework.boot.logging.DeferredLog [restartedMain] For additional web related logging consider setting the 'logging.level.web' property to 'DEBUG'
2020-08-19 19:21:02,501 INFO org.springframework.data.repository.config.RepositoryConfigurationDelegate [restartedMain] Bootstrapping Spring Data JPA repositories in DEFAULT mode.
2020-08-19 19:21:02,613 INFO org.springframework.data.repository.config.RepositoryConfigurationDelegate [restartedMain] Finished Spring Data repository scanning in 103ms. Found 7 JPA repository interfaces.
2020-08-19 19:21:03,904 INFO org.springframework.boot.web.embedded.tomcat.TomcatWebServer [restartedMain] Tomcat initialized with port(s): 8080 (http)
2020-08-19 19:21:03,916 INFO org.apache.juli.logging.DirectJDKLog [restartedMain] Initializing ProtocolHandler ["http-nio-8080"]
2020-08-19 19:21:03,916 INFO org.apache.juli.logging.DirectJDKLog [restartedMain] Starting service [Tomcat]
2020-08-19 19:21:03,920 INFO org.apache.juli.logging.DirectJDKLog [restartedMain] Starting Servlet engine: [Apache Tomcat/9.0.31]
2020-08-19 19:21:04,032 INFO org.apache.juli.logging.DirectJDKLog [restartedMain] Initializing Spring embedded WebApplicationContext
2020-08-19 19:21:04,032 INFO org.springframework.boot.web.servlet.context.ServletWebServerApplicationContext [restartedMain] Root WebApplicationContext: initialization completed in 2704 ms
2020-08-19 19:21:04,429 INFO org.hibernate.jpa.internal.util.LogHelper [restartedMain] HHH000204: Processing PersistenceUnitInfo [name: default]
2020-08-19 19:21:04,521 INFO org.hibernate.Version [restartedMain] HHH000412: Hibernate ORM core version 5.4.12.Final
2020-08-19 19:21:04,696 INFO org.hibernate.annotations.common.reflection.java.JavaReflectionManager [restartedMain] HCANN000001: Hibernate Commons Annotations {5.1.0.Final}
2020-08-19 19:21:04,820 INFO com.zaxxer.hikari.HikariDataSource [restartedMain] HikariPool-1 - Starting...
2020-08-19 19:21:04,990 INFO com.zaxxer.hikari.HikariDataSource [restartedMain] HikariPool-1 - Start completed.
2020-08-19 19:21:05,006 INFO org.hibernate.dialect.Dialect [restartedMain] HHH000400: Using dialect: org.hibernate.dialect.MariaDB53Dialect
2020-08-19 19:21:06,052 INFO org.hibernate.engine.transaction.jta.platform.internal.JtaPlatformInitiator [restartedMain] HHH000490: Using JtaPlatform implementation: [org.hibernate.engine.transaction.jta.platform.internal.NoJtaPlatform]
2020-08-19 19:21:06,056 INFO org.springframework.orm.jpa.AbstractEntityManagerFactoryBean [restartedMain] Initialized JPA EntityManagerFactory for persistence unit 'default'
2020-08-19 19:21:06,072 INFO org.springframework.boot.devtools.autoconfigure.OptionalLiveReloadServer [restartedMain] LiveReload server is running on port 35729
2020-08-19 19:21:06,760 WARN org.springframework.boot.autoconfigure.orm.jpa.JpaBaseConfiguration$JpaWebConfiguration [restartedMain] spring.jpa.open-in-view is enabled by default. Therefore, database queries may be performed during view rendering. Explicitly configure spring.jpa.open-in-view to disable this warning
2020-08-19 19:21:06,952 INFO org.springframework.security.web.DefaultSecurityFilterChain [restartedMain] Creating filter chain: any request, [org.springframework.security.web.context.request.async.WebAsyncManagerIntegrationFilter@b42c1f2, org.springframework.security.web.context.SecurityContextPersistenceFilter@1515d7e5, org.springframework.security.web.authentication.logout.LogoutFilter@25f63bbb, org.springframework.security.web.authentication.UsernamePasswordAuthenticationFilter@431408e8, org.springframework.security.web.savedrequest.RequestCacheAwareFilter@45833e61, org.springframework.security.web.servletapi.SecurityContextHolderAwareRequestFilter@5284d60, org.springframework.security.web.authentication.AnonymousAuthenticationFilter@467bc77c, org.springframework.security.web.session.SessionManagementFilter@b8e45e8, org.springframework.security.web.access.ExceptionTranslationFilter@3bd6de86, org.springframework.security.web.access.intercept.FilterSecurityInterceptor@760d750b]
2020-08-19 19:21:07,088 INFO org.springframework.scheduling.concurrent.ExecutorConfigurationSupport [restartedMain] Initializing ExecutorService 'applicationTaskExecutor'
2020-08-19 19:21:07,951 INFO org.springframework.boot.actuate.endpoint.web.EndpointLinksResolver [restartedMain] Exposing 2 endpoint(s) beneath base path '/actuator'
2020-08-19 19:21:07,988 INFO org.apache.juli.logging.DirectJDKLog [restartedMain] Starting ProtocolHandler ["http-nio-8080"]
2020-08-19 19:21:08,020 INFO org.springframework.boot.web.embedded.tomcat.TomcatWebServer [restartedMain] Tomcat started on port(s): 8080 (http) with context path ''
2020-08-19 19:21:08,020 INFO org.springframework.boot.StartupInfoLogger [restartedMain] Started GameApplication in 7.462 seconds (JVM running for 8.216)
2020-08-19 19:21:24,700 INFO org.apache.juli.logging.DirectJDKLog [http-nio-8080-exec-1] Initializing Spring DispatcherServlet 'dispatcherServlet'
2020-08-19 19:21:24,700 INFO org.springframework.web.servlet.FrameworkServlet [http-nio-8080-exec-1] Initializing Servlet 'dispatcherServlet'
2020-08-19 19:21:24,712 INFO org.springframework.web.servlet.FrameworkServlet [http-nio-8080-exec-1] Completed initialization in 12 ms
2020-08-19 19:26:22,521 INFO org.springframework.scheduling.concurrent.ExecutorConfigurationSupport [Thread-4] Shutting down ExecutorService 'applicationTaskExecutor'
2020-08-19 19:26:22,521 INFO org.springframework.orm.jpa.AbstractEntityManagerFactoryBean [Thread-4] Closing JPA EntityManagerFactory for persistence unit 'default'
2020-08-19 19:26:22,529 INFO com.zaxxer.hikari.HikariDataSource [Thread-4] HikariPool-1 - Shutdown initiated...
2020-08-19 19:26:22,553 INFO com.zaxxer.hikari.HikariDataSource [Thread-4] HikariPool-1 - Shutdown completed.
2020-08-19 19:26:23,083 INFO org.springframework.boot.StartupInfoLogger [restartedMain] Starting GameApplication on DESKTOP-7EV0PI1 with PID 14440 (C:\Users\Valentina\Documents\NetBeansProjects\InitializrSpringbootProject\target\classes started by Valentina in C:\Users\Valentina\Documents\NetBeansProjects\InitializrSpringbootProject)
2020-08-19 19:26:23,083 INFO org.springframework.boot.SpringApplication [restartedMain] The following profiles are active: dev
2020-08-19 19:26:23,630 INFO org.springframework.data.repository.config.RepositoryConfigurationDelegate [restartedMain] Bootstrapping Spring Data JPA repositories in DEFAULT mode.
2020-08-19 19:26:23,686 INFO org.springframework.data.repository.config.RepositoryConfigurationDelegate [restartedMain] Finished Spring Data repository scanning in 56ms. Found 7 JPA repository interfaces.
2020-08-19 19:26:23,831 INFO org.springframework.boot.web.embedded.tomcat.TomcatWebServer [restartedMain] Tomcat initialized with port(s): 8080 (http)
2020-08-19 19:26:23,834 INFO org.apache.juli.logging.DirectJDKLog [restartedMain] Initializing ProtocolHandler ["http-nio-8080"]
2020-08-19 19:26:23,834 INFO org.apache.juli.logging.DirectJDKLog [restartedMain] Starting service [Tomcat]
2020-08-19 19:26:23,834 INFO org.apache.juli.logging.DirectJDKLog [restartedMain] Starting Servlet engine: [Apache Tomcat/9.0.31]
2020-08-19 19:26:23,864 INFO org.apache.juli.logging.DirectJDKLog [restartedMain] Initializing Spring embedded WebApplicationContext
2020-08-19 19:26:23,864 INFO org.springframework.boot.web.servlet.context.ServletWebServerApplicationContext [restartedMain] Root WebApplicationContext: initialization completed in 777 ms
2020-08-19 19:26:23,983 INFO org.hibernate.jpa.internal.util.LogHelper [restartedMain] HHH000204: Processing PersistenceUnitInfo [name: default]
2020-08-19 19:26:23,991 INFO com.zaxxer.hikari.HikariDataSource [restartedMain] HikariPool-2 - Starting...
2020-08-19 19:26:23,995 INFO com.zaxxer.hikari.HikariDataSource [restartedMain] HikariPool-2 - Start completed.
2020-08-19 19:26:23,999 INFO org.hibernate.dialect.Dialect [restartedMain] HHH000400: Using dialect: org.hibernate.dialect.MariaDB53Dialect
2020-08-19 19:26:24,401 INFO org.hibernate.engine.transaction.jta.platform.internal.JtaPlatformInitiator [restartedMain] HHH000490: Using JtaPlatform implementation: [org.hibernate.engine.transaction.jta.platform.internal.NoJtaPlatform]
2020-08-19 19:26:24,401 INFO org.springframework.orm.jpa.AbstractEntityManagerFactoryBean [restartedMain] Initialized JPA EntityManagerFactory for persistence unit 'default'
2020-08-19 19:26:24,409 INFO org.springframework.boot.devtools.autoconfigure.OptionalLiveReloadServer [restartedMain] LiveReload server is running on port 35729
2020-08-19 19:26:24,641 WARN org.springframework.boot.autoconfigure.orm.jpa.JpaBaseConfiguration$JpaWebConfiguration [restartedMain] spring.jpa.open-in-view is enabled by default. Therefore, database queries may be performed during view rendering. Explicitly configure spring.jpa.open-in-view to disable this warning
2020-08-19 19:26:24,691 INFO org.springframework.security.web.DefaultSecurityFilterChain [restartedMain] Creating filter chain: any request, [org.springframework.security.web.context.request.async.WebAsyncManagerIntegrationFilter@51720ab5, org.springframework.security.web.context.SecurityContextPersistenceFilter@66d6783b, org.springframework.security.web.authentication.logout.LogoutFilter@5959730, org.springframework.security.web.authentication.UsernamePasswordAuthenticationFilter@4c7639d9, org.springframework.security.web.savedrequest.RequestCacheAwareFilter@ac86c4f, org.springframework.security.web.servletapi.SecurityContextHolderAwareRequestFilter@3dd8dddd, org.springframework.security.web.authentication.AnonymousAuthenticationFilter@7f45b8ff, org.springframework.security.web.session.SessionManagementFilter@6830aa45, org.springframework.security.web.access.ExceptionTranslationFilter@7819f7dc, org.springframework.security.web.access.intercept.FilterSecurityInterceptor@49ef7d1b]
2020-08-19 19:26:24,745 INFO org.springframework.scheduling.concurrent.ExecutorConfigurationSupport [restartedMain] Initializing ExecutorService 'applicationTaskExecutor'
2020-08-19 19:26:25,143 INFO org.springframework.boot.StartupInfoLogger [restartedMain] Starting GameApplication on DESKTOP-7EV0PI1 with PID 4552 (C:\Users\Valentina\Documents\NetBeansProjects\InitializrSpringbootProject\target\classes started by Valentina in C:\Users\Valentina\Documents\NetBeansProjects\InitializrSpringbootProject)
2020-08-19 19:26:25,147 INFO org.springframework.boot.SpringApplication [restartedMain] The following profiles are active: dev
2020-08-19 19:26:25,410 INFO org.springframework.boot.logging.DeferredLog [restartedMain] The Class-Path manifest attribute in C:\Users\Valentina\.m2\repository\org\glassfish\jaxb\jaxb-runtime\2.3.2\jaxb-runtime-2.3.2.jar referenced one or more files that do not exist: file:/C:/Users/Valentina/.m2/repository/org/glassfish/jaxb/jaxb-runtime/2.3.2/jakarta.xml.bind-api-2.3.2.jar,file:/C:/Users/Valentina/.m2/repository/org/glassfish/jaxb/jaxb-runtime/2.3.2/txw2-2.3.2.jar,file:/C:/Users/Valentina/.m2/repository/org/glassfish/jaxb/jaxb-runtime/2.3.2/istack-commons-runtime-3.0.8.jar,file:/C:/Users/Valentina/.m2/repository/org/glassfish/jaxb/jaxb-runtime/2.3.2/stax-ex-1.8.1.jar,file:/C:/Users/Valentina/.m2/repository/org/glassfish/jaxb/jaxb-runtime/2.3.2/FastInfoset-1.2.16.jar,file:/C:/Users/Valentina/.m2/repository/org/glassfish/jaxb/jaxb-runtime/2.3.2/jakarta.activation-api-1.2.1.jar
2020-08-19 19:26:25,410 INFO org.springframework.boot.logging.DeferredLog [restartedMain] Devtools property defaults active! Set 'spring.devtools.add-properties' to 'false' to disable
2020-08-19 19:26:25,410 INFO org.springframework.boot.logging.DeferredLog [restartedMain] For additional web related logging consider setting the 'logging.level.web' property to 'DEBUG'
2020-08-19 19:26:25,458 INFO org.springframework.boot.actuate.endpoint.web.EndpointLinksResolver [restartedMain] Exposing 2 endpoint(s) beneath base path '/actuator'
2020-08-19 19:26:25,478 INFO org.apache.juli.logging.DirectJDKLog [restartedMain] Starting ProtocolHandler ["http-nio-8080"]
2020-08-19 19:26:25,482 INFO org.springframework.boot.web.embedded.tomcat.TomcatWebServer [restartedMain] Tomcat started on port(s): 8080 (http) with context path ''
2020-08-19 19:26:25,486 INFO org.springframework.boot.StartupInfoLogger [restartedMain] Started GameApplication in 2.459 seconds (JVM running for 325.68)
2020-08-19 19:26:25,488 INFO org.springframework.boot.devtools.autoconfigure.ConditionEvaluationDeltaLoggingListener [restartedMain] Condition evaluation unchanged
2020-08-19 19:26:26,493 INFO org.springframework.data.repository.config.RepositoryConfigurationDelegate [restartedMain] Bootstrapping Spring Data JPA repositories in DEFAULT mode.
2020-08-19 19:26:26,601 INFO org.springframework.data.repository.config.RepositoryConfigurationDelegate [restartedMain] Finished Spring Data repository scanning in 102ms. Found 7 JPA repository interfaces.
2020-08-19 19:26:27,856 INFO org.springframework.boot.web.embedded.tomcat.TomcatWebServer [restartedMain] Tomcat initialized with port(s): 8080 (http)
2020-08-19 19:26:27,868 INFO org.apache.juli.logging.DirectJDKLog [restartedMain] Initializing ProtocolHandler ["http-nio-8080"]
2020-08-19 19:26:27,868 INFO org.apache.juli.logging.DirectJDKLog [restartedMain] Starting service [Tomcat]
2020-08-19 19:26:27,868 INFO org.apache.juli.logging.DirectJDKLog [restartedMain] Starting Servlet engine: [Apache Tomcat/9.0.31]
2020-08-19 19:26:27,968 INFO org.apache.juli.logging.DirectJDKLog [restartedMain] Initializing Spring embedded WebApplicationContext
2020-08-19 19:26:27,968 INFO org.springframework.boot.web.servlet.context.ServletWebServerApplicationContext [restartedMain] Root WebApplicationContext: initialization completed in 2558 ms
2020-08-19 19:26:28,320 INFO org.hibernate.jpa.internal.util.LogHelper [restartedMain] HHH000204: Processing PersistenceUnitInfo [name: default]
2020-08-19 19:26:28,388 INFO org.hibernate.Version [restartedMain] HHH000412: Hibernate ORM core version 5.4.12.Final
2020-08-19 19:26:28,532 INFO org.hibernate.annotations.common.reflection.java.JavaReflectionManager [restartedMain] HCANN000001: Hibernate Commons Annotations {5.1.0.Final}
2020-08-19 19:26:28,636 INFO com.zaxxer.hikari.HikariDataSource [restartedMain] HikariPool-1 - Starting...
2020-08-19 19:26:28,800 INFO com.zaxxer.hikari.HikariDataSource [restartedMain] HikariPool-1 - Start completed.
2020-08-19 19:26:28,816 INFO org.hibernate.dialect.Dialect [restartedMain] HHH000400: Using dialect: org.hibernate.dialect.MariaDB53Dialect
2020-08-19 19:26:29,989 INFO org.hibernate.engine.transaction.jta.platform.internal.JtaPlatformInitiator [restartedMain] HHH000490: Using JtaPlatform implementation: [org.hibernate.engine.transaction.jta.platform.internal.NoJtaPlatform]
2020-08-19 19:26:29,997 INFO org.springframework.orm.jpa.AbstractEntityManagerFactoryBean [restartedMain] Initialized JPA EntityManagerFactory for persistence unit 'default'
2020-08-19 19:26:30,013 WARN org.springframework.boot.devtools.autoconfigure.OptionalLiveReloadServer [restartedMain] Unable to start LiveReload server
2020-08-19 19:26:30,761 WARN org.springframework.boot.autoconfigure.orm.jpa.JpaBaseConfiguration$JpaWebConfiguration [restartedMain] spring.jpa.open-in-view is enabled by default. Therefore, database queries may be performed during view rendering. Explicitly configure spring.jpa.open-in-view to disable this warning
2020-08-19 19:26:30,969 INFO org.springframework.security.web.DefaultSecurityFilterChain [restartedMain] Creating filter chain: any request, [org.springframework.security.web.context.request.async.WebAsyncManagerIntegrationFilter@65bbd2f2, org.springframework.security.web.context.SecurityContextPersistenceFilter@1fc09798, org.springframework.security.web.authentication.logout.LogoutFilter@369972ce, org.springframework.security.web.authentication.UsernamePasswordAuthenticationFilter@b5da9e7, org.springframework.security.web.savedrequest.RequestCacheAwareFilter@7dcfb9e0, org.springframework.security.web.servletapi.SecurityContextHolderAwareRequestFilter@7da2838, org.springframework.security.web.authentication.AnonymousAuthenticationFilter@3d2586ed, org.springframework.security.web.session.SessionManagementFilter@1a3e7eb4, org.springframework.security.web.access.ExceptionTranslationFilter@689f4565, org.springframework.security.web.access.intercept.FilterSecurityInterceptor@53e746d4]
2020-08-19 19:26:31,113 INFO org.springframework.scheduling.concurrent.ExecutorConfigurationSupport [restartedMain] Initializing ExecutorService 'applicationTaskExecutor'
2020-08-19 19:26:32,082 INFO org.springframework.boot.actuate.endpoint.web.EndpointLinksResolver [restartedMain] Exposing 2 endpoint(s) beneath base path '/actuator'
2020-08-19 19:26:32,117 INFO org.apache.juli.logging.DirectJDKLog [restartedMain] Starting ProtocolHandler ["http-nio-8080"]
2020-08-19 19:26:32,129 INFO org.apache.juli.logging.DirectJDKLog [restartedMain] Pausing ProtocolHandler ["http-nio-8080"]
2020-08-19 19:26:32,129 INFO org.apache.juli.logging.DirectJDKLog [restartedMain] Stopping service [Tomcat]
2020-08-19 19:26:32,133 INFO org.apache.juli.logging.DirectJDKLog [restartedMain] Stopping ProtocolHandler ["http-nio-8080"]
2020-08-19 19:26:32,133 INFO org.apache.juli.logging.DirectJDKLog [restartedMain] Destroying ProtocolHandler ["http-nio-8080"]
2020-08-19 19:26:32,137 INFO org.springframework.boot.autoconfigure.logging.ConditionEvaluationReportLoggingListener [restartedMain] 

Error starting ApplicationContext. To display the conditions report re-run your application with 'debug' enabled.
2020-08-19 19:26:32,141 ERROR org.springframework.boot.diagnostics.LoggingFailureAnalysisReporter [restartedMain] 

***************************
APPLICATION FAILED TO START
***************************

Description:

Web server failed to start. Port 8080 was already in use.

Action:

Identify and stop the process that's listening on port 8080 or configure this application to listen on another port.

2020-08-19 19:26:32,141 WARN org.springframework.beans.factory.support.DisposableBeanAdapter [restartedMain] Invocation of destroy method failed on bean with name 'tomcatMetricsBinder': java.lang.NullPointerException
2020-08-19 19:26:32,145 INFO org.springframework.scheduling.concurrent.ExecutorConfigurationSupport [restartedMain] Shutting down ExecutorService 'applicationTaskExecutor'
2020-08-19 19:26:32,145 INFO org.springframework.orm.jpa.AbstractEntityManagerFactoryBean [restartedMain] Closing JPA EntityManagerFactory for persistence unit 'default'
2020-08-19 19:26:32,149 INFO com.zaxxer.hikari.HikariDataSource [restartedMain] HikariPool-1 - Shutdown initiated...
2020-08-19 19:26:32,168 INFO com.zaxxer.hikari.HikariDataSource [restartedMain] HikariPool-1 - Shutdown completed.
2020-08-19 19:26:36,401 INFO org.springframework.scheduling.concurrent.ExecutorConfigurationSupport [Thread-8] Shutting down ExecutorService 'applicationTaskExecutor'
2020-08-19 19:26:36,405 INFO org.springframework.orm.jpa.AbstractEntityManagerFactoryBean [Thread-8] Closing JPA EntityManagerFactory for persistence unit 'default'
2020-08-19 19:26:36,405 INFO com.zaxxer.hikari.HikariDataSource [Thread-8] HikariPool-2 - Shutdown initiated...
2020-08-19 19:26:36,417 INFO com.zaxxer.hikari.HikariDataSource [Thread-8] HikariPool-2 - Shutdown completed.
2020-08-19 19:26:36,790 INFO org.springframework.boot.StartupInfoLogger [restartedMain] Starting GameApplication on DESKTOP-7EV0PI1 with PID 14440 (C:\Users\Valentina\Documents\NetBeansProjects\InitializrSpringbootProject\target\classes started by Valentina in C:\Users\Valentina\Documents\NetBeansProjects\InitializrSpringbootProject)
2020-08-19 19:26:36,790 INFO org.springframework.boot.SpringApplication [restartedMain] The following profiles are active: dev
2020-08-19 19:26:37,162 INFO org.springframework.data.repository.config.RepositoryConfigurationDelegate [restartedMain] Bootstrapping Spring Data JPA repositories in DEFAULT mode.
2020-08-19 19:26:37,211 INFO org.springframework.data.repository.config.RepositoryConfigurationDelegate [restartedMain] Finished Spring Data repository scanning in 47ms. Found 7 JPA repository interfaces.
2020-08-19 19:26:37,315 INFO org.springframework.boot.web.embedded.tomcat.TomcatWebServer [restartedMain] Tomcat initialized with port(s): 8080 (http)
2020-08-19 19:26:37,319 INFO org.apache.juli.logging.DirectJDKLog [restartedMain] Initializing ProtocolHandler ["http-nio-8080"]
2020-08-19 19:26:37,319 INFO org.apache.juli.logging.DirectJDKLog [restartedMain] Starting service [Tomcat]
2020-08-19 19:26:37,319 INFO org.apache.juli.logging.DirectJDKLog [restartedMain] Starting Servlet engine: [Apache Tomcat/9.0.31]
2020-08-19 19:26:37,357 INFO org.apache.juli.logging.DirectJDKLog [restartedMain] Initializing Spring embedded WebApplicationContext
2020-08-19 19:26:37,357 INFO org.springframework.boot.web.servlet.context.ServletWebServerApplicationContext [restartedMain] Root WebApplicationContext: initialization completed in 563 ms
2020-08-19 19:26:37,436 INFO org.hibernate.jpa.internal.util.LogHelper [restartedMain] HHH000204: Processing PersistenceUnitInfo [name: default]
2020-08-19 19:26:37,442 INFO com.zaxxer.hikari.HikariDataSource [restartedMain] HikariPool-3 - Starting...
2020-08-19 19:26:37,446 INFO com.zaxxer.hikari.HikariDataSource [restartedMain] HikariPool-3 - Start completed.
2020-08-19 19:26:37,450 INFO org.hibernate.dialect.Dialect [restartedMain] HHH000400: Using dialect: org.hibernate.dialect.MariaDB53Dialect
2020-08-19 19:26:37,748 INFO org.hibernate.engine.transaction.jta.platform.internal.JtaPlatformInitiator [restartedMain] HHH000490: Using JtaPlatform implementation: [org.hibernate.engine.transaction.jta.platform.internal.NoJtaPlatform]
2020-08-19 19:26:37,748 INFO org.springframework.orm.jpa.AbstractEntityManagerFactoryBean [restartedMain] Initialized JPA EntityManagerFactory for persistence unit 'default'
2020-08-19 19:26:37,752 INFO org.springframework.boot.devtools.autoconfigure.OptionalLiveReloadServer [restartedMain] LiveReload server is running on port 35729
2020-08-19 19:26:37,904 WARN org.springframework.boot.autoconfigure.orm.jpa.JpaBaseConfiguration$JpaWebConfiguration [restartedMain] spring.jpa.open-in-view is enabled by default. Therefore, database queries may be performed during view rendering. Explicitly configure spring.jpa.open-in-view to disable this warning
2020-08-19 19:26:37,928 INFO org.springframework.security.web.DefaultSecurityFilterChain [restartedMain] Creating filter chain: any request, [org.springframework.security.web.context.request.async.WebAsyncManagerIntegrationFilter@1b62de7c, org.springframework.security.web.context.SecurityContextPersistenceFilter@627159b8, org.springframework.security.web.authentication.logout.LogoutFilter@590995c7, org.springframework.security.web.authentication.UsernamePasswordAuthenticationFilter@1eb359a1, org.springframework.security.web.savedrequest.RequestCacheAwareFilter@35ee426d, org.springframework.security.web.servletapi.SecurityContextHolderAwareRequestFilter@3f9f5364, org.springframework.security.web.authentication.AnonymousAuthenticationFilter@6b357bc0, org.springframework.security.web.session.SessionManagementFilter@723f9e74, org.springframework.security.web.access.ExceptionTranslationFilter@671dacd8, org.springframework.security.web.access.intercept.FilterSecurityInterceptor@7b24ea7e]
2020-08-19 19:26:37,960 INFO org.springframework.scheduling.concurrent.ExecutorConfigurationSupport [restartedMain] Initializing ExecutorService 'applicationTaskExecutor'
2020-08-19 19:26:38,578 INFO org.springframework.boot.actuate.endpoint.web.EndpointLinksResolver [restartedMain] Exposing 2 endpoint(s) beneath base path '/actuator'
2020-08-19 19:26:38,596 INFO org.apache.juli.logging.DirectJDKLog [restartedMain] Starting ProtocolHandler ["http-nio-8080"]
2020-08-19 19:26:38,604 INFO org.springframework.boot.web.embedded.tomcat.TomcatWebServer [restartedMain] Tomcat started on port(s): 8080 (http) with context path ''
2020-08-19 19:26:38,608 INFO org.springframework.boot.StartupInfoLogger [restartedMain] Started GameApplication in 1.853 seconds (JVM running for 338.802)
2020-08-19 19:26:38,608 INFO org.springframework.boot.devtools.autoconfigure.ConditionEvaluationDeltaLoggingListener [restartedMain] Condition evaluation unchanged
2020-08-19 19:26:43,135 INFO org.apache.juli.logging.DirectJDKLog [http-nio-8080-exec-1] Initializing Spring DispatcherServlet 'dispatcherServlet'
2020-08-19 19:26:43,135 INFO org.springframework.web.servlet.FrameworkServlet [http-nio-8080-exec-1] Initializing Servlet 'dispatcherServlet'
2020-08-19 19:26:43,139 INFO org.springframework.web.servlet.FrameworkServlet [http-nio-8080-exec-1] Completed initialization in 4 ms
2020-08-19 19:27:16,616 INFO org.springframework.scheduling.concurrent.ExecutorConfigurationSupport [Thread-13] Shutting down ExecutorService 'applicationTaskExecutor'
2020-08-19 19:27:16,616 INFO org.springframework.orm.jpa.AbstractEntityManagerFactoryBean [Thread-13] Closing JPA EntityManagerFactory for persistence unit 'default'
2020-08-19 19:27:16,620 INFO com.zaxxer.hikari.HikariDataSource [Thread-13] HikariPool-3 - Shutdown initiated...
2020-08-19 19:27:16,626 INFO com.zaxxer.hikari.HikariDataSource [Thread-13] HikariPool-3 - Shutdown completed.
2020-08-19 19:27:17,154 INFO org.springframework.boot.StartupInfoLogger [restartedMain] Starting GameApplication on DESKTOP-7EV0PI1 with PID 14440 (C:\Users\Valentina\Documents\NetBeansProjects\InitializrSpringbootProject\target\classes started by Valentina in C:\Users\Valentina\Documents\NetBeansProjects\InitializrSpringbootProject)
2020-08-19 19:27:17,154 INFO org.springframework.boot.SpringApplication [restartedMain] The following profiles are active: dev
2020-08-19 19:27:17,554 INFO org.springframework.data.repository.config.RepositoryConfigurationDelegate [restartedMain] Bootstrapping Spring Data JPA repositories in DEFAULT mode.
2020-08-19 19:27:17,622 INFO org.springframework.data.repository.config.RepositoryConfigurationDelegate [restartedMain] Finished Spring Data repository scanning in 67ms. Found 7 JPA repository interfaces.
2020-08-19 19:27:17,734 INFO org.springframework.boot.web.embedded.tomcat.TomcatWebServer [restartedMain] Tomcat initialized with port(s): 8080 (http)
2020-08-19 19:27:17,738 INFO org.apache.juli.logging.DirectJDKLog [restartedMain] Initializing ProtocolHandler ["http-nio-8080"]
2020-08-19 19:27:17,738 INFO org.apache.juli.logging.DirectJDKLog [restartedMain] Starting service [Tomcat]
2020-08-19 19:27:17,738 INFO org.apache.juli.logging.DirectJDKLog [restartedMain] Starting Servlet engine: [Apache Tomcat/9.0.31]
2020-08-19 19:27:17,770 INFO org.apache.juli.logging.DirectJDKLog [restartedMain] Initializing Spring embedded WebApplicationContext
2020-08-19 19:27:17,770 INFO org.springframework.boot.web.servlet.context.ServletWebServerApplicationContext [restartedMain] Root WebApplicationContext: initialization completed in 616 ms
2020-08-19 19:27:17,866 INFO org.hibernate.jpa.internal.util.LogHelper [restartedMain] HHH000204: Processing PersistenceUnitInfo [name: default]
2020-08-19 19:27:17,878 INFO com.zaxxer.hikari.HikariDataSource [restartedMain] HikariPool-4 - Starting...
2020-08-19 19:27:17,882 INFO com.zaxxer.hikari.HikariDataSource [restartedMain] HikariPool-4 - Start completed.
2020-08-19 19:27:17,882 INFO org.hibernate.dialect.Dialect [restartedMain] HHH000400: Using dialect: org.hibernate.dialect.MariaDB53Dialect
2020-08-19 19:27:18,342 INFO org.hibernate.engine.transaction.jta.platform.internal.JtaPlatformInitiator [restartedMain] HHH000490: Using JtaPlatform implementation: [org.hibernate.engine.transaction.jta.platform.internal.NoJtaPlatform]
2020-08-19 19:27:18,342 INFO org.springframework.orm.jpa.AbstractEntityManagerFactoryBean [restartedMain] Initialized JPA EntityManagerFactory for persistence unit 'default'
2020-08-19 19:27:18,350 INFO org.springframework.boot.devtools.autoconfigure.OptionalLiveReloadServer [restartedMain] LiveReload server is running on port 35729
2020-08-19 19:27:18,398 INFO org.springframework.boot.StartupInfoLogger [restartedMain] Starting GameApplication on DESKTOP-7EV0PI1 with PID 15944 (C:\Users\Valentina\Documents\NetBeansProjects\InitializrSpringbootProject\target\classes started by Valentina in C:\Users\Valentina\Documents\NetBeansProjects\InitializrSpringbootProject)
2020-08-19 19:27:18,402 INFO org.springframework.boot.SpringApplication [restartedMain] The following profiles are active: dev
2020-08-19 19:27:18,586 WARN org.springframework.boot.autoconfigure.orm.jpa.JpaBaseConfiguration$JpaWebConfiguration [restartedMain] spring.jpa.open-in-view is enabled by default. Therefore, database queries may be performed during view rendering. Explicitly configure spring.jpa.open-in-view to disable this warning
2020-08-19 19:27:18,634 INFO org.springframework.security.web.DefaultSecurityFilterChain [restartedMain] Creating filter chain: any request, [org.springframework.security.web.context.request.async.WebAsyncManagerIntegrationFilter@62e98d78, org.springframework.security.web.context.SecurityContextPersistenceFilter@37380f8, org.springframework.security.web.authentication.logout.LogoutFilter@3ea59baa, org.springframework.security.web.authentication.UsernamePasswordAuthenticationFilter@66c608fb, org.springframework.security.web.savedrequest.RequestCacheAwareFilter@6fc6efba, org.springframework.security.web.servletapi.SecurityContextHolderAwareRequestFilter@2a2ff57f, org.springframework.security.web.authentication.AnonymousAuthenticationFilter@a2febfb, org.springframework.security.web.session.SessionManagementFilter@36e7a1a0, org.springframework.security.web.access.ExceptionTranslationFilter@45701b96, org.springframework.security.web.access.intercept.FilterSecurityInterceptor@1cd4cdb4]
2020-08-19 19:27:18,689 INFO org.springframework.scheduling.concurrent.ExecutorConfigurationSupport [restartedMain] Initializing ExecutorService 'applicationTaskExecutor'
2020-08-19 19:27:18,731 INFO org.springframework.boot.logging.DeferredLog [restartedMain] The Class-Path manifest attribute in C:\Users\Valentina\.m2\repository\org\glassfish\jaxb\jaxb-runtime\2.3.2\jaxb-runtime-2.3.2.jar referenced one or more files that do not exist: file:/C:/Users/Valentina/.m2/repository/org/glassfish/jaxb/jaxb-runtime/2.3.2/jakarta.xml.bind-api-2.3.2.jar,file:/C:/Users/Valentina/.m2/repository/org/glassfish/jaxb/jaxb-runtime/2.3.2/txw2-2.3.2.jar,file:/C:/Users/Valentina/.m2/repository/org/glassfish/jaxb/jaxb-runtime/2.3.2/istack-commons-runtime-3.0.8.jar,file:/C:/Users/Valentina/.m2/repository/org/glassfish/jaxb/jaxb-runtime/2.3.2/stax-ex-1.8.1.jar,file:/C:/Users/Valentina/.m2/repository/org/glassfish/jaxb/jaxb-runtime/2.3.2/FastInfoset-1.2.16.jar,file:/C:/Users/Valentina/.m2/repository/org/glassfish/jaxb/jaxb-runtime/2.3.2/jakarta.activation-api-1.2.1.jar
2020-08-19 19:27:18,733 INFO org.springframework.boot.logging.DeferredLog [restartedMain] Devtools property defaults active! Set 'spring.devtools.add-properties' to 'false' to disable
2020-08-19 19:27:18,733 INFO org.springframework.boot.logging.DeferredLog [restartedMain] For additional web related logging consider setting the 'logging.level.web' property to 'DEBUG'
2020-08-19 19:27:19,393 INFO org.springframework.boot.actuate.endpoint.web.EndpointLinksResolver [restartedMain] Exposing 2 endpoint(s) beneath base path '/actuator'
2020-08-19 19:27:19,406 INFO org.apache.juli.logging.DirectJDKLog [restartedMain] Starting ProtocolHandler ["http-nio-8080"]
2020-08-19 19:27:19,414 INFO org.springframework.boot.web.embedded.tomcat.TomcatWebServer [restartedMain] Tomcat started on port(s): 8080 (http) with context path ''
2020-08-19 19:27:19,414 INFO org.springframework.boot.StartupInfoLogger [restartedMain] Started GameApplication in 2.299 seconds (JVM running for 379.609)
2020-08-19 19:27:19,414 INFO org.springframework.boot.devtools.autoconfigure.ConditionEvaluationDeltaLoggingListener [restartedMain] Condition evaluation unchanged
2020-08-19 19:27:19,793 INFO org.springframework.data.repository.config.RepositoryConfigurationDelegate [restartedMain] Bootstrapping Spring Data JPA repositories in DEFAULT mode.
2020-08-19 19:27:19,905 INFO org.springframework.data.repository.config.RepositoryConfigurationDelegate [restartedMain] Finished Spring Data repository scanning in 103ms. Found 7 JPA repository interfaces.
2020-08-19 19:27:21,033 INFO org.springframework.boot.web.embedded.tomcat.TomcatWebServer [restartedMain] Tomcat initialized with port(s): 8080 (http)
2020-08-19 19:27:21,045 INFO org.apache.juli.logging.DirectJDKLog [restartedMain] Initializing ProtocolHandler ["http-nio-8080"]
2020-08-19 19:27:21,045 INFO org.apache.juli.logging.DirectJDKLog [restartedMain] Starting service [Tomcat]
2020-08-19 19:27:21,045 INFO org.apache.juli.logging.DirectJDKLog [restartedMain] Starting Servlet engine: [Apache Tomcat/9.0.31]
2020-08-19 19:27:21,141 INFO org.apache.juli.logging.DirectJDKLog [restartedMain] Initializing Spring embedded WebApplicationContext
2020-08-19 19:27:21,141 INFO org.springframework.boot.web.servlet.context.ServletWebServerApplicationContext [restartedMain] Root WebApplicationContext: initialization completed in 2408 ms
2020-08-19 19:27:21,489 INFO org.hibernate.jpa.internal.util.LogHelper [restartedMain] HHH000204: Processing PersistenceUnitInfo [name: default]
2020-08-19 19:27:21,569 INFO org.hibernate.Version [restartedMain] HHH000412: Hibernate ORM core version 5.4.12.Final
2020-08-19 19:27:21,753 INFO org.hibernate.annotations.common.reflection.java.JavaReflectionManager [restartedMain] HCANN000001: Hibernate Commons Annotations {5.1.0.Final}
2020-08-19 19:27:21,909 INFO com.zaxxer.hikari.HikariDataSource [restartedMain] HikariPool-1 - Starting...
2020-08-19 19:27:22,123 INFO com.zaxxer.hikari.HikariDataSource [restartedMain] HikariPool-1 - Start completed.
2020-08-19 19:27:22,135 INFO org.hibernate.dialect.Dialect [restartedMain] HHH000400: Using dialect: org.hibernate.dialect.MariaDB53Dialect
2020-08-19 19:27:23,131 INFO org.hibernate.engine.transaction.jta.platform.internal.JtaPlatformInitiator [restartedMain] HHH000490: Using JtaPlatform implementation: [org.hibernate.engine.transaction.jta.platform.internal.NoJtaPlatform]
2020-08-19 19:27:23,139 INFO org.springframework.orm.jpa.AbstractEntityManagerFactoryBean [restartedMain] Initialized JPA EntityManagerFactory for persistence unit 'default'
2020-08-19 19:27:23,151 WARN org.springframework.boot.devtools.autoconfigure.OptionalLiveReloadServer [restartedMain] Unable to start LiveReload server
2020-08-19 19:27:23,854 WARN org.springframework.boot.autoconfigure.orm.jpa.JpaBaseConfiguration$JpaWebConfiguration [restartedMain] spring.jpa.open-in-view is enabled by default. Therefore, database queries may be performed during view rendering. Explicitly configure spring.jpa.open-in-view to disable this warning
2020-08-19 19:27:24,042 INFO org.springframework.security.web.DefaultSecurityFilterChain [restartedMain] Creating filter chain: any request, [org.springframework.security.web.context.request.async.WebAsyncManagerIntegrationFilter@27a9d222, org.springframework.security.web.context.SecurityContextPersistenceFilter@1a43f18, org.springframework.security.web.authentication.logout.LogoutFilter@44da6844, org.springframework.security.web.authentication.UsernamePasswordAuthenticationFilter@108e9f66, org.springframework.security.web.savedrequest.RequestCacheAwareFilter@cc41674, org.springframework.security.web.servletapi.SecurityContextHolderAwareRequestFilter@1af18f1e, org.springframework.security.web.authentication.AnonymousAuthenticationFilter@337c6715, org.springframework.security.web.session.SessionManagementFilter@62deb9d3, org.springframework.security.web.access.ExceptionTranslationFilter@edeed33, org.springframework.security.web.access.intercept.FilterSecurityInterceptor@53a5e8aa]
2020-08-19 19:27:24,174 INFO org.springframework.scheduling.concurrent.ExecutorConfigurationSupport [restartedMain] Initializing ExecutorService 'applicationTaskExecutor'
2020-08-19 19:27:25,097 INFO org.springframework.boot.actuate.endpoint.web.EndpointLinksResolver [restartedMain] Exposing 2 endpoint(s) beneath base path '/actuator'
2020-08-19 19:27:25,132 INFO org.apache.juli.logging.DirectJDKLog [restartedMain] Starting ProtocolHandler ["http-nio-8080"]
2020-08-19 19:27:25,144 INFO org.apache.juli.logging.DirectJDKLog [restartedMain] Pausing ProtocolHandler ["http-nio-8080"]
2020-08-19 19:27:25,144 INFO org.apache.juli.logging.DirectJDKLog [restartedMain] Stopping service [Tomcat]
2020-08-19 19:27:25,148 INFO org.apache.juli.logging.DirectJDKLog [restartedMain] Stopping ProtocolHandler ["http-nio-8080"]
2020-08-19 19:27:25,148 INFO org.apache.juli.logging.DirectJDKLog [restartedMain] Destroying ProtocolHandler ["http-nio-8080"]
2020-08-19 19:27:25,154 INFO org.springframework.boot.autoconfigure.logging.ConditionEvaluationReportLoggingListener [restartedMain] 

Error starting ApplicationContext. To display the conditions report re-run your application with 'debug' enabled.
2020-08-19 19:27:25,158 ERROR org.springframework.boot.diagnostics.LoggingFailureAnalysisReporter [restartedMain] 

***************************
APPLICATION FAILED TO START
***************************

Description:

Web server failed to start. Port 8080 was already in use.

Action:

Identify and stop the process that's listening on port 8080 or configure this application to listen on another port.

2020-08-19 19:27:25,158 WARN org.springframework.beans.factory.support.DisposableBeanAdapter [restartedMain] Invocation of destroy method failed on bean with name 'tomcatMetricsBinder': java.lang.NullPointerException
2020-08-19 19:27:25,162 INFO org.springframework.scheduling.concurrent.ExecutorConfigurationSupport [restartedMain] Shutting down ExecutorService 'applicationTaskExecutor'
2020-08-19 19:27:25,162 INFO org.springframework.orm.jpa.AbstractEntityManagerFactoryBean [restartedMain] Closing JPA EntityManagerFactory for persistence unit 'default'
2020-08-19 19:27:25,166 INFO com.zaxxer.hikari.HikariDataSource [restartedMain] HikariPool-1 - Shutdown initiated...
2020-08-19 19:27:25,190 INFO com.zaxxer.hikari.HikariDataSource [restartedMain] HikariPool-1 - Shutdown completed.
2020-08-19 19:27:28,605 INFO org.springframework.scheduling.concurrent.ExecutorConfigurationSupport [Thread-18] Shutting down ExecutorService 'applicationTaskExecutor'
2020-08-19 19:27:28,609 INFO org.springframework.orm.jpa.AbstractEntityManagerFactoryBean [Thread-18] Closing JPA EntityManagerFactory for persistence unit 'default'
2020-08-19 19:27:28,611 INFO com.zaxxer.hikari.HikariDataSource [Thread-18] HikariPool-4 - Shutdown initiated...
2020-08-19 19:27:28,624 INFO com.zaxxer.hikari.HikariDataSource [Thread-18] HikariPool-4 - Shutdown completed.
2020-08-19 19:27:29,004 INFO org.springframework.boot.StartupInfoLogger [restartedMain] Starting GameApplication on DESKTOP-7EV0PI1 with PID 14440 (C:\Users\Valentina\Documents\NetBeansProjects\InitializrSpringbootProject\target\classes started by Valentina in C:\Users\Valentina\Documents\NetBeansProjects\InitializrSpringbootProject)
2020-08-19 19:27:29,004 INFO org.springframework.boot.SpringApplication [restartedMain] The following profiles are active: dev
2020-08-19 19:27:29,268 INFO org.springframework.data.repository.config.RepositoryConfigurationDelegate [restartedMain] Bootstrapping Spring Data JPA repositories in DEFAULT mode.
2020-08-19 19:27:29,312 INFO org.springframework.data.repository.config.RepositoryConfigurationDelegate [restartedMain] Finished Spring Data repository scanning in 44ms. Found 7 JPA repository interfaces.
2020-08-19 19:27:29,404 INFO org.springframework.boot.web.embedded.tomcat.TomcatWebServer [restartedMain] Tomcat initialized with port(s): 8080 (http)
2020-08-19 19:27:29,404 INFO org.apache.juli.logging.DirectJDKLog [restartedMain] Initializing ProtocolHandler ["http-nio-8080"]
2020-08-19 19:27:29,404 INFO org.apache.juli.logging.DirectJDKLog [restartedMain] Starting service [Tomcat]
2020-08-19 19:27:29,404 INFO org.apache.juli.logging.DirectJDKLog [restartedMain] Starting Servlet engine: [Apache Tomcat/9.0.31]
2020-08-19 19:27:29,432 INFO org.apache.juli.logging.DirectJDKLog [restartedMain] Initializing Spring embedded WebApplicationContext
2020-08-19 19:27:29,432 INFO org.springframework.boot.web.servlet.context.ServletWebServerApplicationContext [restartedMain] Root WebApplicationContext: initialization completed in 428 ms
2020-08-19 19:27:29,508 INFO org.hibernate.jpa.internal.util.LogHelper [restartedMain] HHH000204: Processing PersistenceUnitInfo [name: default]
2020-08-19 19:27:29,512 INFO com.zaxxer.hikari.HikariDataSource [restartedMain] HikariPool-5 - Starting...
2020-08-19 19:27:29,516 INFO com.zaxxer.hikari.HikariDataSource [restartedMain] HikariPool-5 - Start completed.
2020-08-19 19:27:29,516 INFO org.hibernate.dialect.Dialect [restartedMain] HHH000400: Using dialect: org.hibernate.dialect.MariaDB53Dialect
2020-08-19 19:27:29,820 INFO org.hibernate.engine.transaction.jta.platform.internal.JtaPlatformInitiator [restartedMain] HHH000490: Using JtaPlatform implementation: [org.hibernate.engine.transaction.jta.platform.internal.NoJtaPlatform]
2020-08-19 19:27:29,820 INFO org.springframework.orm.jpa.AbstractEntityManagerFactoryBean [restartedMain] Initialized JPA EntityManagerFactory for persistence unit 'default'
2020-08-19 19:27:29,824 INFO org.springframework.boot.devtools.autoconfigure.OptionalLiveReloadServer [restartedMain] LiveReload server is running on port 35729
2020-08-19 19:27:29,967 WARN org.springframework.boot.autoconfigure.orm.jpa.JpaBaseConfiguration$JpaWebConfiguration [restartedMain] spring.jpa.open-in-view is enabled by default. Therefore, database queries may be performed during view rendering. Explicitly configure spring.jpa.open-in-view to disable this warning
2020-08-19 19:27:29,994 INFO org.springframework.security.web.DefaultSecurityFilterChain [restartedMain] Creating filter chain: any request, [org.springframework.security.web.context.request.async.WebAsyncManagerIntegrationFilter@7020cb89, org.springframework.security.web.context.SecurityContextPersistenceFilter@31e40d60, org.springframework.security.web.authentication.logout.LogoutFilter@2f69a9b2, org.springframework.security.web.authentication.UsernamePasswordAuthenticationFilter@78921d34, org.springframework.security.web.savedrequest.RequestCacheAwareFilter@4e432df6, org.springframework.security.web.servletapi.SecurityContextHolderAwareRequestFilter@32e4492f, org.springframework.security.web.authentication.AnonymousAuthenticationFilter@4a296db9, org.springframework.security.web.session.SessionManagementFilter@547b1c9e, org.springframework.security.web.access.ExceptionTranslationFilter@c2e1eb7, org.springframework.security.web.access.intercept.FilterSecurityInterceptor@6ef5b76e]
2020-08-19 19:27:30,021 INFO org.springframework.scheduling.concurrent.ExecutorConfigurationSupport [restartedMain] Initializing ExecutorService 'applicationTaskExecutor'
2020-08-19 19:27:30,474 INFO org.springframework.boot.actuate.endpoint.web.EndpointLinksResolver [restartedMain] Exposing 2 endpoint(s) beneath base path '/actuator'
2020-08-19 19:27:30,486 INFO org.apache.juli.logging.DirectJDKLog [restartedMain] Starting ProtocolHandler ["http-nio-8080"]
2020-08-19 19:27:30,489 INFO org.springframework.boot.web.embedded.tomcat.TomcatWebServer [restartedMain] Tomcat started on port(s): 8080 (http) with context path ''
2020-08-19 19:27:30,489 INFO org.springframework.boot.StartupInfoLogger [restartedMain] Started GameApplication in 1.516 seconds (JVM running for 390.684)
2020-08-19 19:27:30,489 INFO org.springframework.boot.devtools.autoconfigure.ConditionEvaluationDeltaLoggingListener [restartedMain] Condition evaluation unchanged
2020-08-19 19:27:33,089 INFO org.apache.juli.logging.DirectJDKLog [http-nio-8080-exec-1] Initializing Spring DispatcherServlet 'dispatcherServlet'
2020-08-19 19:27:33,093 INFO org.springframework.web.servlet.FrameworkServlet [http-nio-8080-exec-1] Initializing Servlet 'dispatcherServlet'
2020-08-19 19:27:33,094 INFO org.springframework.web.servlet.FrameworkServlet [http-nio-8080-exec-1] Completed initialization in 1 ms
2020-08-19 19:50:55,557 INFO org.springframework.scheduling.concurrent.ExecutorConfigurationSupport [Thread-23] Shutting down ExecutorService 'applicationTaskExecutor'
2020-08-19 19:50:55,557 INFO org.springframework.orm.jpa.AbstractEntityManagerFactoryBean [Thread-23] Closing JPA EntityManagerFactory for persistence unit 'default'
2020-08-19 19:50:55,561 INFO com.zaxxer.hikari.HikariDataSource [Thread-23] HikariPool-5 - Shutdown initiated...
2020-08-19 19:50:55,565 INFO com.zaxxer.hikari.HikariDataSource [Thread-23] HikariPool-5 - Shutdown completed.
2020-08-19 19:50:56,106 INFO org.springframework.boot.StartupInfoLogger [restartedMain] Starting GameApplication on DESKTOP-7EV0PI1 with PID 14440 (C:\Users\Valentina\Documents\NetBeansProjects\InitializrSpringbootProject\target\classes started by Valentina in C:\Users\Valentina\Documents\NetBeansProjects\InitializrSpringbootProject)
2020-08-19 19:50:56,106 INFO org.springframework.boot.SpringApplication [restartedMain] The following profiles are active: dev
2020-08-19 19:50:56,555 INFO org.springframework.data.repository.config.RepositoryConfigurationDelegate [restartedMain] Bootstrapping Spring Data JPA repositories in DEFAULT mode.
2020-08-19 19:50:56,623 INFO org.springframework.data.repository.config.RepositoryConfigurationDelegate [restartedMain] Finished Spring Data repository scanning in 68ms. Found 7 JPA repository interfaces.
2020-08-19 19:50:56,738 INFO org.springframework.boot.web.embedded.tomcat.TomcatWebServer [restartedMain] Tomcat initialized with port(s): 8080 (http)
2020-08-19 19:50:56,742 INFO org.apache.juli.logging.DirectJDKLog [restartedMain] Initializing ProtocolHandler ["http-nio-8080"]
2020-08-19 19:50:56,742 INFO org.apache.juli.logging.DirectJDKLog [restartedMain] Starting service [Tomcat]
2020-08-19 19:50:56,742 INFO org.apache.juli.logging.DirectJDKLog [restartedMain] Starting Servlet engine: [Apache Tomcat/9.0.31]
2020-08-19 19:50:56,766 INFO org.apache.juli.logging.DirectJDKLog [restartedMain] Initializing Spring embedded WebApplicationContext
2020-08-19 19:50:56,766 INFO org.springframework.boot.web.servlet.context.ServletWebServerApplicationContext [restartedMain] Root WebApplicationContext: initialization completed in 656 ms
2020-08-19 19:50:56,848 INFO org.hibernate.jpa.internal.util.LogHelper [restartedMain] HHH000204: Processing PersistenceUnitInfo [name: default]
2020-08-19 19:50:56,854 INFO com.zaxxer.hikari.HikariDataSource [restartedMain] HikariPool-6 - Starting...
2020-08-19 19:50:56,858 INFO com.zaxxer.hikari.HikariDataSource [restartedMain] HikariPool-6 - Start completed.
2020-08-19 19:50:56,858 INFO org.hibernate.dialect.Dialect [restartedMain] HHH000400: Using dialect: org.hibernate.dialect.MariaDB53Dialect
2020-08-19 19:50:57,198 INFO org.hibernate.engine.transaction.jta.platform.internal.JtaPlatformInitiator [restartedMain] HHH000490: Using JtaPlatform implementation: [org.hibernate.engine.transaction.jta.platform.internal.NoJtaPlatform]
2020-08-19 19:50:57,202 INFO org.springframework.orm.jpa.AbstractEntityManagerFactoryBean [restartedMain] Initialized JPA EntityManagerFactory for persistence unit 'default'
2020-08-19 19:50:57,206 INFO org.springframework.boot.devtools.autoconfigure.OptionalLiveReloadServer [restartedMain] LiveReload server is running on port 35729
2020-08-19 19:50:57,418 WARN org.springframework.boot.autoconfigure.orm.jpa.JpaBaseConfiguration$JpaWebConfiguration [restartedMain] spring.jpa.open-in-view is enabled by default. Therefore, database queries may be performed during view rendering. Explicitly configure spring.jpa.open-in-view to disable this warning
2020-08-19 19:50:57,462 INFO org.springframework.security.web.DefaultSecurityFilterChain [restartedMain] Creating filter chain: any request, [org.springframework.security.web.context.request.async.WebAsyncManagerIntegrationFilter@2defec3a, org.springframework.security.web.context.SecurityContextPersistenceFilter@11cef915, org.springframework.security.web.authentication.logout.LogoutFilter@27ed76fb, org.springframework.security.web.authentication.UsernamePasswordAuthenticationFilter@6e7558a3, org.springframework.security.web.savedrequest.RequestCacheAwareFilter@118b0b5e, org.springframework.security.web.servletapi.SecurityContextHolderAwareRequestFilter@3928e27a, org.springframework.security.web.authentication.AnonymousAuthenticationFilter@6eb1aefd, org.springframework.security.web.session.SessionManagementFilter@605311c0, org.springframework.security.web.access.ExceptionTranslationFilter@6ec8c875, org.springframework.security.web.access.intercept.FilterSecurityInterceptor@325d0933]
2020-08-19 19:50:57,510 INFO org.springframework.scheduling.concurrent.ExecutorConfigurationSupport [restartedMain] Initializing ExecutorService 'applicationTaskExecutor'
2020-08-19 19:50:58,209 INFO org.springframework.boot.StartupInfoLogger [restartedMain] Starting GameApplication on DESKTOP-7EV0PI1 with PID 14580 (C:\Users\Valentina\Documents\NetBeansProjects\InitializrSpringbootProject\target\classes started by Valentina in C:\Users\Valentina\Documents\NetBeansProjects\InitializrSpringbootProject)
2020-08-19 19:50:58,209 INFO org.springframework.boot.SpringApplication [restartedMain] The following profiles are active: dev
2020-08-19 19:50:58,223 INFO org.springframework.boot.actuate.endpoint.web.EndpointLinksResolver [restartedMain] Exposing 2 endpoint(s) beneath base path '/actuator'
2020-08-19 19:50:58,235 INFO org.apache.juli.logging.DirectJDKLog [restartedMain] Starting ProtocolHandler ["http-nio-8080"]
2020-08-19 19:50:58,241 INFO org.springframework.boot.web.embedded.tomcat.TomcatWebServer [restartedMain] Tomcat started on port(s): 8080 (http) with context path ''
2020-08-19 19:50:58,241 INFO org.springframework.boot.StartupInfoLogger [restartedMain] Started GameApplication in 2.179 seconds (JVM running for 1798.436)
2020-08-19 19:50:58,241 INFO org.springframework.boot.devtools.autoconfigure.ConditionEvaluationDeltaLoggingListener [restartedMain] Condition evaluation unchanged
2020-08-19 19:50:58,442 INFO org.springframework.boot.logging.DeferredLog [restartedMain] The Class-Path manifest attribute in C:\Users\Valentina\.m2\repository\org\glassfish\jaxb\jaxb-runtime\2.3.2\jaxb-runtime-2.3.2.jar referenced one or more files that do not exist: file:/C:/Users/Valentina/.m2/repository/org/glassfish/jaxb/jaxb-runtime/2.3.2/jakarta.xml.bind-api-2.3.2.jar,file:/C:/Users/Valentina/.m2/repository/org/glassfish/jaxb/jaxb-runtime/2.3.2/txw2-2.3.2.jar,file:/C:/Users/Valentina/.m2/repository/org/glassfish/jaxb/jaxb-runtime/2.3.2/istack-commons-runtime-3.0.8.jar,file:/C:/Users/Valentina/.m2/repository/org/glassfish/jaxb/jaxb-runtime/2.3.2/stax-ex-1.8.1.jar,file:/C:/Users/Valentina/.m2/repository/org/glassfish/jaxb/jaxb-runtime/2.3.2/FastInfoset-1.2.16.jar,file:/C:/Users/Valentina/.m2/repository/org/glassfish/jaxb/jaxb-runtime/2.3.2/jakarta.activation-api-1.2.1.jar
2020-08-19 19:50:58,442 INFO org.springframework.boot.logging.DeferredLog [restartedMain] Devtools property defaults active! Set 'spring.devtools.add-properties' to 'false' to disable
2020-08-19 19:50:58,442 INFO org.springframework.boot.logging.DeferredLog [restartedMain] For additional web related logging consider setting the 'logging.level.web' property to 'DEBUG'
2020-08-19 19:50:59,457 INFO org.springframework.data.repository.config.RepositoryConfigurationDelegate [restartedMain] Bootstrapping Spring Data JPA repositories in DEFAULT mode.
2020-08-19 19:50:59,574 INFO org.springframework.data.repository.config.RepositoryConfigurationDelegate [restartedMain] Finished Spring Data repository scanning in 108ms. Found 7 JPA repository interfaces.
2020-08-19 19:51:00,714 INFO org.springframework.boot.web.embedded.tomcat.TomcatWebServer [restartedMain] Tomcat initialized with port(s): 8080 (http)
2020-08-19 19:51:00,726 INFO org.apache.juli.logging.DirectJDKLog [restartedMain] Initializing ProtocolHandler ["http-nio-8080"]
2020-08-19 19:51:00,726 INFO org.apache.juli.logging.DirectJDKLog [restartedMain] Starting service [Tomcat]
2020-08-19 19:51:00,726 INFO org.apache.juli.logging.DirectJDKLog [restartedMain] Starting Servlet engine: [Apache Tomcat/9.0.31]
2020-08-19 19:51:00,842 INFO org.apache.juli.logging.DirectJDKLog [restartedMain] Initializing Spring embedded WebApplicationContext
2020-08-19 19:51:00,842 INFO org.springframework.boot.web.servlet.context.ServletWebServerApplicationContext [restartedMain] Root WebApplicationContext: initialization completed in 2396 ms
2020-08-19 19:51:01,178 INFO org.hibernate.jpa.internal.util.LogHelper [restartedMain] HHH000204: Processing PersistenceUnitInfo [name: default]
2020-08-19 19:51:01,251 INFO org.hibernate.Version [restartedMain] HHH000412: Hibernate ORM core version 5.4.12.Final
2020-08-19 19:51:01,395 INFO org.hibernate.annotations.common.reflection.java.JavaReflectionManager [restartedMain] HCANN000001: Hibernate Commons Annotations {5.1.0.Final}
2020-08-19 19:51:01,501 INFO com.zaxxer.hikari.HikariDataSource [restartedMain] HikariPool-1 - Starting...
2020-08-19 19:51:01,664 INFO com.zaxxer.hikari.HikariDataSource [restartedMain] HikariPool-1 - Start completed.
2020-08-19 19:51:01,680 INFO org.hibernate.dialect.Dialect [restartedMain] HHH000400: Using dialect: org.hibernate.dialect.MariaDB53Dialect
2020-08-19 19:51:02,717 INFO org.hibernate.engine.transaction.jta.platform.internal.JtaPlatformInitiator [restartedMain] HHH000490: Using JtaPlatform implementation: [org.hibernate.engine.transaction.jta.platform.internal.NoJtaPlatform]
2020-08-19 19:51:02,725 INFO org.springframework.orm.jpa.AbstractEntityManagerFactoryBean [restartedMain] Initialized JPA EntityManagerFactory for persistence unit 'default'
2020-08-19 19:51:02,737 WARN org.springframework.boot.devtools.autoconfigure.OptionalLiveReloadServer [restartedMain] Unable to start LiveReload server
2020-08-19 19:51:03,533 WARN org.springframework.boot.autoconfigure.orm.jpa.JpaBaseConfiguration$JpaWebConfiguration [restartedMain] spring.jpa.open-in-view is enabled by default. Therefore, database queries may be performed during view rendering. Explicitly configure spring.jpa.open-in-view to disable this warning
2020-08-19 19:51:03,739 INFO org.springframework.security.web.DefaultSecurityFilterChain [restartedMain] Creating filter chain: any request, [org.springframework.security.web.context.request.async.WebAsyncManagerIntegrationFilter@42edbfb7, org.springframework.security.web.context.SecurityContextPersistenceFilter@25f63bbb, org.springframework.security.web.authentication.logout.LogoutFilter@6cdc6183, org.springframework.security.web.authentication.UsernamePasswordAuthenticationFilter@5006e097, org.springframework.security.web.savedrequest.RequestCacheAwareFilter@1a47d6d6, org.springframework.security.web.servletapi.SecurityContextHolderAwareRequestFilter@2fb2bc03, org.springframework.security.web.authentication.AnonymousAuthenticationFilter@56baff76, org.springframework.security.web.session.SessionManagementFilter@2b6e4c90, org.springframework.security.web.access.ExceptionTranslationFilter@640e3b6a, org.springframework.security.web.access.intercept.FilterSecurityInterceptor@6e556253]
2020-08-19 19:51:03,889 INFO org.springframework.scheduling.concurrent.ExecutorConfigurationSupport [restartedMain] Initializing ExecutorService 'applicationTaskExecutor'
2020-08-19 19:51:04,775 INFO org.springframework.boot.actuate.endpoint.web.EndpointLinksResolver [restartedMain] Exposing 2 endpoint(s) beneath base path '/actuator'
2020-08-19 19:51:04,812 INFO org.apache.juli.logging.DirectJDKLog [restartedMain] Starting ProtocolHandler ["http-nio-8080"]
2020-08-19 19:51:04,824 INFO org.apache.juli.logging.DirectJDKLog [restartedMain] Pausing ProtocolHandler ["http-nio-8080"]
2020-08-19 19:51:04,824 INFO org.apache.juli.logging.DirectJDKLog [restartedMain] Stopping service [Tomcat]
2020-08-19 19:51:04,828 INFO org.apache.juli.logging.DirectJDKLog [restartedMain] Stopping ProtocolHandler ["http-nio-8080"]
2020-08-19 19:51:04,828 INFO org.apache.juli.logging.DirectJDKLog [restartedMain] Destroying ProtocolHandler ["http-nio-8080"]
2020-08-19 19:51:04,832 INFO org.springframework.boot.autoconfigure.logging.ConditionEvaluationReportLoggingListener [restartedMain] 

Error starting ApplicationContext. To display the conditions report re-run your application with 'debug' enabled.
2020-08-19 19:51:04,832 ERROR org.springframework.boot.diagnostics.LoggingFailureAnalysisReporter [restartedMain] 

***************************
APPLICATION FAILED TO START
***************************

Description:

Web server failed to start. Port 8080 was already in use.

Action:

Identify and stop the process that's listening on port 8080 or configure this application to listen on another port.

2020-08-19 19:51:04,836 WARN org.springframework.beans.factory.support.DisposableBeanAdapter [restartedMain] Invocation of destroy method failed on bean with name 'tomcatMetricsBinder': java.lang.NullPointerException
2020-08-19 19:51:04,836 INFO org.springframework.scheduling.concurrent.ExecutorConfigurationSupport [restartedMain] Shutting down ExecutorService 'applicationTaskExecutor'
2020-08-19 19:51:04,840 INFO org.springframework.orm.jpa.AbstractEntityManagerFactoryBean [restartedMain] Closing JPA EntityManagerFactory for persistence unit 'default'
2020-08-19 19:51:04,840 INFO com.zaxxer.hikari.HikariDataSource [restartedMain] HikariPool-1 - Shutdown initiated...
2020-08-19 19:51:04,864 INFO com.zaxxer.hikari.HikariDataSource [restartedMain] HikariPool-1 - Shutdown completed.
2020-08-19 19:51:07,982 INFO org.springframework.scheduling.concurrent.ExecutorConfigurationSupport [Thread-28] Shutting down ExecutorService 'applicationTaskExecutor'
2020-08-19 19:51:07,982 INFO org.springframework.orm.jpa.AbstractEntityManagerFactoryBean [Thread-28] Closing JPA EntityManagerFactory for persistence unit 'default'
2020-08-19 19:51:07,986 INFO com.zaxxer.hikari.HikariDataSource [Thread-28] HikariPool-6 - Shutdown initiated...
2020-08-19 19:51:07,994 INFO com.zaxxer.hikari.HikariDataSource [Thread-28] HikariPool-6 - Shutdown completed.
2020-08-19 19:51:08,527 INFO org.springframework.boot.StartupInfoLogger [restartedMain] Starting GameApplication on DESKTOP-7EV0PI1 with PID 14440 (C:\Users\Valentina\Documents\NetBeansProjects\InitializrSpringbootProject\target\classes started by Valentina in C:\Users\Valentina\Documents\NetBeansProjects\InitializrSpringbootProject)
2020-08-19 19:51:08,527 INFO org.springframework.boot.SpringApplication [restartedMain] The following profiles are active: dev
2020-08-19 19:51:08,811 INFO org.springframework.data.repository.config.RepositoryConfigurationDelegate [restartedMain] Bootstrapping Spring Data JPA repositories in DEFAULT mode.
2020-08-19 19:51:08,851 INFO org.springframework.data.repository.config.RepositoryConfigurationDelegate [restartedMain] Finished Spring Data repository scanning in 40ms. Found 7 JPA repository interfaces.
2020-08-19 19:51:08,963 INFO org.springframework.boot.web.embedded.tomcat.TomcatWebServer [restartedMain] Tomcat initialized with port(s): 8080 (http)
2020-08-19 19:51:08,963 INFO org.apache.juli.logging.DirectJDKLog [restartedMain] Initializing ProtocolHandler ["http-nio-8080"]
2020-08-19 19:51:08,963 INFO org.apache.juli.logging.DirectJDKLog [restartedMain] Starting service [Tomcat]
2020-08-19 19:51:08,963 INFO org.apache.juli.logging.DirectJDKLog [restartedMain] Starting Servlet engine: [Apache Tomcat/9.0.31]
2020-08-19 19:51:08,987 INFO org.apache.juli.logging.DirectJDKLog [restartedMain] Initializing Spring embedded WebApplicationContext
2020-08-19 19:51:08,987 INFO org.springframework.boot.web.servlet.context.ServletWebServerApplicationContext [restartedMain] Root WebApplicationContext: initialization completed in 460 ms
2020-08-19 19:51:09,095 INFO org.hibernate.jpa.internal.util.LogHelper [restartedMain] HHH000204: Processing PersistenceUnitInfo [name: default]
2020-08-19 19:51:09,103 INFO com.zaxxer.hikari.HikariDataSource [restartedMain] HikariPool-7 - Starting...
2020-08-19 19:51:09,107 INFO com.zaxxer.hikari.HikariDataSource [restartedMain] HikariPool-7 - Start completed.
2020-08-19 19:51:09,107 INFO org.hibernate.dialect.Dialect [restartedMain] HHH000400: Using dialect: org.hibernate.dialect.MariaDB53Dialect
2020-08-19 19:51:09,450 INFO org.hibernate.engine.transaction.jta.platform.internal.JtaPlatformInitiator [restartedMain] HHH000490: Using JtaPlatform implementation: [org.hibernate.engine.transaction.jta.platform.internal.NoJtaPlatform]
2020-08-19 19:51:09,450 INFO org.springframework.orm.jpa.AbstractEntityManagerFactoryBean [restartedMain] Initialized JPA EntityManagerFactory for persistence unit 'default'
2020-08-19 19:51:09,454 INFO org.springframework.boot.devtools.autoconfigure.OptionalLiveReloadServer [restartedMain] LiveReload server is running on port 35729
2020-08-19 19:51:09,582 WARN org.springframework.boot.autoconfigure.orm.jpa.JpaBaseConfiguration$JpaWebConfiguration [restartedMain] spring.jpa.open-in-view is enabled by default. Therefore, database queries may be performed during view rendering. Explicitly configure spring.jpa.open-in-view to disable this warning
2020-08-19 19:51:09,602 INFO org.springframework.security.web.DefaultSecurityFilterChain [restartedMain] Creating filter chain: any request, [org.springframework.security.web.context.request.async.WebAsyncManagerIntegrationFilter@587ed2da, org.springframework.security.web.context.SecurityContextPersistenceFilter@101997a1, org.springframework.security.web.authentication.logout.LogoutFilter@5e0e24eb, org.springframework.security.web.authentication.UsernamePasswordAuthenticationFilter@2810808d, org.springframework.security.web.savedrequest.RequestCacheAwareFilter@6cd35770, org.springframework.security.web.servletapi.SecurityContextHolderAwareRequestFilter@2a8dd8dd, org.springframework.security.web.authentication.AnonymousAuthenticationFilter@7922639b, org.springframework.security.web.session.SessionManagementFilter@515f2196, org.springframework.security.web.access.ExceptionTranslationFilter@2d0d62bd, org.springframework.security.web.access.intercept.FilterSecurityInterceptor@73871ea4]
2020-08-19 19:51:09,626 INFO org.springframework.scheduling.concurrent.ExecutorConfigurationSupport [restartedMain] Initializing ExecutorService 'applicationTaskExecutor'
2020-08-19 19:51:10,088 INFO org.springframework.boot.actuate.endpoint.web.EndpointLinksResolver [restartedMain] Exposing 2 endpoint(s) beneath base path '/actuator'
2020-08-19 19:51:10,096 INFO org.apache.juli.logging.DirectJDKLog [restartedMain] Starting ProtocolHandler ["http-nio-8080"]
2020-08-19 19:51:10,099 INFO org.springframework.boot.web.embedded.tomcat.TomcatWebServer [restartedMain] Tomcat started on port(s): 8080 (http) with context path ''
2020-08-19 19:51:10,099 INFO org.springframework.boot.StartupInfoLogger [restartedMain] Started GameApplication in 1.619 seconds (JVM running for 1810.295)
2020-08-19 19:51:10,103 INFO org.springframework.boot.devtools.autoconfigure.ConditionEvaluationDeltaLoggingListener [restartedMain] Condition evaluation unchanged
2020-08-19 19:51:11,276 INFO org.apache.juli.logging.DirectJDKLog [http-nio-8080-exec-1] Initializing Spring DispatcherServlet 'dispatcherServlet'
2020-08-19 19:51:11,280 INFO org.springframework.web.servlet.FrameworkServlet [http-nio-8080-exec-1] Initializing Servlet 'dispatcherServlet'
2020-08-19 19:51:11,280 INFO org.springframework.web.servlet.FrameworkServlet [http-nio-8080-exec-1] Completed initialization in 0 ms
2020-08-19 21:34:39,476 WARN com.zaxxer.hikari.pool.HikariPool$HouseKeeper [HikariPool-7 housekeeper] HikariPool-7 - Thread starvation or clock leap detected (housekeeper delta=1h29m2s965ms829s600ns).
