2020-09-24 12:39:06,436 INFO org.springframework.boot.StartupInfoLogger [restartedMain] Starting GameApplication on DESKTOP-7EV0PI1 with PID 21096 (C:\Users\Valentina\Documents\NetBeansProjects\InitializrSpringbootProject\target\classes started by Valentina in C:\Users\Valentina\Documents\NetBeansProjects\InitializrSpringbootProject)
2020-09-24 12:39:06,451 INFO org.springframework.boot.SpringApplication [restartedMain] The following profiles are active: dev
2020-09-24 12:39:06,694 INFO org.springframework.boot.logging.DeferredLog [restartedMain] The Class-Path manifest attribute in C:\Users\Valentina\.m2\repository\org\glassfish\jaxb\jaxb-runtime\2.3.2\jaxb-runtime-2.3.2.jar referenced one or more files that do not exist: file:/C:/Users/Valentina/.m2/repository/org/glassfish/jaxb/jaxb-runtime/2.3.2/jakarta.xml.bind-api-2.3.2.jar,file:/C:/Users/Valentina/.m2/repository/org/glassfish/jaxb/jaxb-runtime/2.3.2/txw2-2.3.2.jar,file:/C:/Users/Valentina/.m2/repository/org/glassfish/jaxb/jaxb-runtime/2.3.2/istack-commons-runtime-3.0.8.jar,file:/C:/Users/Valentina/.m2/repository/org/glassfish/jaxb/jaxb-runtime/2.3.2/stax-ex-1.8.1.jar,file:/C:/Users/Valentina/.m2/repository/org/glassfish/jaxb/jaxb-runtime/2.3.2/FastInfoset-1.2.16.jar,file:/C:/Users/Valentina/.m2/repository/org/glassfish/jaxb/jaxb-runtime/2.3.2/jakarta.activation-api-1.2.1.jar
2020-09-24 12:39:06,696 INFO org.springframework.boot.logging.DeferredLog [restartedMain] Devtools property defaults active! Set 'spring.devtools.add-properties' to 'false' to disable
2020-09-24 12:39:06,696 INFO org.springframework.boot.logging.DeferredLog [restartedMain] For additional web related logging consider setting the 'logging.level.web' property to 'DEBUG'
2020-09-24 12:39:07,766 INFO org.springframework.data.repository.config.RepositoryConfigurationDelegate [restartedMain] Bootstrapping Spring Data JPA repositories in DEFAULT mode.
2020-09-24 12:39:07,880 INFO org.springframework.data.repository.config.RepositoryConfigurationDelegate [restartedMain] Finished Spring Data repository scanning in 102ms. Found 5 JPA repository interfaces.
2020-09-24 12:39:09,128 INFO org.springframework.boot.web.embedded.tomcat.TomcatWebServer [restartedMain] Tomcat initialized with port(s): 8080 (http)
2020-09-24 12:39:09,143 INFO org.apache.juli.logging.DirectJDKLog [restartedMain] Initializing ProtocolHandler ["http-nio-8080"]
2020-09-24 12:39:09,143 INFO org.apache.juli.logging.DirectJDKLog [restartedMain] Starting service [Tomcat]
2020-09-24 12:39:09,143 INFO org.apache.juli.logging.DirectJDKLog [restartedMain] Starting Servlet engine: [Apache Tomcat/9.0.31]
2020-09-24 12:39:09,259 INFO org.apache.juli.logging.DirectJDKLog [restartedMain] Initializing Spring embedded WebApplicationContext
2020-09-24 12:39:09,259 INFO org.springframework.boot.web.servlet.context.ServletWebServerApplicationContext [restartedMain] Root WebApplicationContext: initialization completed in 2563 ms
2020-09-24 12:39:09,597 INFO org.hibernate.jpa.internal.util.LogHelper [restartedMain] HHH000204: Processing PersistenceUnitInfo [name: default]
2020-09-24 12:39:09,697 INFO org.hibernate.Version [restartedMain] HHH000412: Hibernate ORM core version 5.4.12.Final
2020-09-24 12:39:09,877 INFO org.hibernate.annotations.common.reflection.java.JavaReflectionManager [restartedMain] HCANN000001: Hibernate Commons Annotations {5.1.0.Final}
2020-09-24 12:39:10,008 INFO com.zaxxer.hikari.HikariDataSource [restartedMain] HikariPool-1 - Starting...
2020-09-24 12:39:10,189 INFO com.zaxxer.hikari.HikariDataSource [restartedMain] HikariPool-1 - Start completed.
2020-09-24 12:39:10,209 INFO org.hibernate.dialect.Dialect [restartedMain] HHH000400: Using dialect: org.hibernate.dialect.MariaDB53Dialect
2020-09-24 12:39:11,248 INFO org.hibernate.engine.transaction.jta.platform.internal.JtaPlatformInitiator [restartedMain] HHH000490: Using JtaPlatform implementation: [org.hibernate.engine.transaction.jta.platform.internal.NoJtaPlatform]
2020-09-24 12:39:11,258 INFO org.springframework.orm.jpa.AbstractEntityManagerFactoryBean [restartedMain] Initialized JPA EntityManagerFactory for persistence unit 'default'
2020-09-24 12:39:11,276 INFO org.springframework.boot.devtools.autoconfigure.OptionalLiveReloadServer [restartedMain] LiveReload server is running on port 35729
2020-09-24 12:39:11,930 WARN org.springframework.boot.autoconfigure.orm.jpa.JpaBaseConfiguration$JpaWebConfiguration [restartedMain] spring.jpa.open-in-view is enabled by default. Therefore, database queries may be performed during view rendering. Explicitly configure spring.jpa.open-in-view to disable this warning
2020-09-24 12:39:11,970 INFO org.springframework.boot.autoconfigure.security.servlet.UserDetailsServiceAutoConfiguration [restartedMain] 

Using generated security password: b0e7d690-5e71-4a2d-92f9-2f5758dfd998

2020-09-24 12:39:12,126 INFO org.springframework.security.web.DefaultSecurityFilterChain [restartedMain] Creating filter chain: any request, [org.springframework.security.web.context.request.async.WebAsyncManagerIntegrationFilter@2f3448f8, org.springframework.security.web.context.SecurityContextPersistenceFilter@46aee7c5, org.springframework.security.web.authentication.logout.LogoutFilter@26edc5e5, org.springframework.security.web.authentication.UsernamePasswordAuthenticationFilter@61acd95b, org.springframework.security.web.savedrequest.RequestCacheAwareFilter@5460a3b2, org.springframework.security.web.servletapi.SecurityContextHolderAwareRequestFilter@3cf13b71, org.springframework.security.web.authentication.AnonymousAuthenticationFilter@e3c786a, org.springframework.security.web.session.SessionManagementFilter@63b70cd5, org.springframework.security.web.access.ExceptionTranslationFilter@6842b7bd, org.springframework.security.web.access.intercept.FilterSecurityInterceptor@3f2d1013]
2020-09-24 12:39:12,268 INFO org.springframework.scheduling.concurrent.ExecutorConfigurationSupport [restartedMain] Initializing ExecutorService 'applicationTaskExecutor'
2020-09-24 12:39:13,195 INFO org.springframework.boot.actuate.endpoint.web.EndpointLinksResolver [restartedMain] Exposing 2 endpoint(s) beneath base path '/actuator'
2020-09-24 12:39:13,238 INFO org.apache.juli.logging.DirectJDKLog [restartedMain] Starting ProtocolHandler ["http-nio-8080"]
2020-09-24 12:39:13,268 INFO org.springframework.boot.web.embedded.tomcat.TomcatWebServer [restartedMain] Tomcat started on port(s): 8080 (http) with context path ''
2020-09-24 12:39:13,268 INFO org.springframework.boot.StartupInfoLogger [restartedMain] Started GameApplication in 7.328 seconds (JVM running for 8.079)
2020-09-24 12:39:27,751 INFO org.apache.juli.logging.DirectJDKLog [http-nio-8080-exec-1] Initializing Spring DispatcherServlet 'dispatcherServlet'
2020-09-24 12:39:27,751 INFO org.springframework.web.servlet.FrameworkServlet [http-nio-8080-exec-1] Initializing Servlet 'dispatcherServlet'
2020-09-24 12:39:27,768 INFO org.springframework.web.servlet.FrameworkServlet [http-nio-8080-exec-1] Completed initialization in 17 ms
